 Copyright (C) 1995-2015 - All Rights Reserved
 University Corporation for Atmospheric Research
 NCAR Command Language Version 6.3.0
 The use of this software is governed by a License Agreement.
 See http://www.ncl.ucar.edu/ for more details.
warning:VarVarWrite: rhs has no dimension name or coordinate variable, deleting name of lhs dimension number (1) and destroying coordinate var,  use "(/../)" if this is not desired outcome
warning:["Execute.c":8575]:Execute: Error occurred at or near line 65 in file draw_NINO34_SST_timeseries-20161128.ncl

warning:Attempt to reference attribute (_FillValue) which is undefined
warning:Attempt to reference attribute (_FillValue) which is undefined
warning:Attempt to reference attribute (_FillValue) which is undefined
warning:Attempt to reference attribute (_FillValue) which is undefined


Variable: ctrl_n_el
Type: integer
Total Size: 4 bytes
            1 values
Number of Dimensions: 1
Dimensions and sizes:	[1]
Coordinates: 
(0)	1207


Variable: ctrl_n_la
Type: integer
Total Size: 4 bytes
            1 values
Number of Dimensions: 1
Dimensions and sizes:	[1]
Coordinates: 
(0)	1276


Variable: exp_n_el
Type: integer
Total Size: 4 bytes
            1 values
Number of Dimensions: 1
Dimensions and sizes:	[1]
Coordinates: 
(0)	1207


Variable: exp_n_la
Type: integer
Total Size: 4 bytes
            1 values
Number of Dimensions: 1
Dimensions and sizes:	[1]
Coordinates: 
(0)	1276
(0)	101:9.96921e+36
(1)	102:-1.72318
(2)	103:-2.08289
(3)	104:-2.29535
(4)	105:-2.48419
(5)	106:-2.71866
(6)	107:-3.06921
(7)	108:-3.44467
(8)	109:-3.82233
(9)	110:-4.09918
(10)	111:-4.14429
(11)	112:-3.93317
(12)	201:-3.64545
(13)	202:-3.23444
(14)	203:-2.8526
(15)	204:-2.4281
(16)	205:-2.12332
(17)	206:-1.80356
(18)	207:-1.46674
(19)	208:-1.10086
(20)	209:-0.84967
(21)	210:-0.760315
(22)	211:-0.761963
(23)	212:-0.735931
(24)	301:-0.6539
(25)	302:-0.51181
(26)	303:-0.421844
(27)	304:-0.396149
(28)	305:-0.258362
(29)	306:-0.0632019
(30)	307:0.0401306
(31)	308:-0.0539551
(32)	309:-0.168945
(33)	310:-0.211182
(34)	311:-0.223785
(35)	312:-0.22052
(36)	401:-0.228455
(37)	402:-0.227844
(38)	403:-0.381775
(39)	404:-0.59845
(40)	405:-0.976837
(41)	406:-1.38715
(42)	407:-1.74048
(43)	408:-1.88611
(44)	409:-1.84927
(45)	410:-1.82349
(46)	411:-1.83124
(47)	412:-1.90997
(48)	501:-1.99475
(49)	502:-2.02322
(50)	503:-1.90381
(51)	504:-1.69446
(52)	505:-1.48843
(53)	506:-1.35468
(54)	507:-1.17755
(55)	508:-0.97406
(56)	509:-0.8078
(57)	510:-0.757843
(58)	511:-0.781921
(59)	512:-0.715973
(60)	601:-0.55777
(61)	602:-0.285126
(62)	603:-0.0353699
(63)	604:0.184662
(64)	605:0.350555
(65)	606:0.637115
(66)	607:1.1575
(67)	608:1.69736
(68)	609:2.08304
(69)	610:2.24329
(70)	611:2.39755
(71)	612:2.41455
(72)	701:2.2532
(73)	702:1.87619
(74)	703:1.33981
(75)	704:0.765717
(76)	705:0.154663
(77)	706:-0.420471
(78)	707:-0.905548
(79)	708:-1.23047
(80)	709:-1.30499
(81)	710:-1.40143
(82)	711:-1.60526
(83)	712:-1.82309
(84)	801:-1.88565
(85)	802:-1.8027
(86)	803:-1.74258
(87)	804:-1.68344
(88)	805:-1.59665
(89)	806:-1.44498
(90)	807:-1.29575
(91)	808:-1.24423
(92)	809:-1.29419
(93)	810:-1.35074
(94)	811:-1.38135
(95)	812:-1.397
(96)	901:-1.42621
(97)	902:-1.38116
(98)	903:-1.16977
(99)	904:-0.918579
(100)	905:-0.572693
(101)	906:-0.161469
(102)	907:0.298431
(103)	908:0.717041
(104)	909:1.00919
(105)	910:1.23575
(106)	911:1.42285
(107)	912:1.61826
(108)	1001:1.73846
(109)	1002:1.57077
(110)	1003:1.20486
(111)	1004:0.734955
(112)	1005:0.531403
(113)	1006:0.254242
(114)	1007:-0.0976257
(115)	1008:-0.527405
(116)	1009:-0.697021
(117)	1010:-0.689636
(118)	1011:-0.668762
(119)	1012:-0.72049
(120)	1101:-0.778259
(121)	1102:-0.774689
(122)	1103:-0.666077
(123)	1104:-0.428589
(124)	1105:-0.201965
(125)	1106:-0.200592
(126)	1107:-0.392609
(127)	1108:-0.645782
(128)	1109:-0.830597
(129)	1110:-1.01208
(130)	1111:-1.285
(131)	1112:-1.59833
(132)	1201:-1.8924
(133)	1202:-1.97025
(134)	1203:-1.93707
(135)	1204:-1.7814
(136)	1205:-1.74332
(137)	1206:-1.89069
(138)	1207:-2.12106
(139)	1208:-2.15854
(140)	1209:-2.14771
(141)	1210:-2.21823
(142)	1211:-2.375
(143)	1212:-2.38824
(144)	1301:-2.30063
(145)	1302:-2.23779
(146)	1303:-2.16602
(147)	1304:-1.99496
(148)	1305:-1.74011
(149)	1306:-1.40326
(150)	1307:-1.09973
(151)	1308:-0.96344
(152)	1309:-0.884796
(153)	1310:-0.840302
(154)	1311:-0.767334
(155)	1312:-0.788025
(156)	1401:-0.822815
(157)	1402:-0.792114
(158)	1403:-0.593231
(159)	1404:-0.391296
(160)	1405:-0.0851746
(161)	1406:0.332611
(162)	1407:0.92099
(163)	1408:1.44656
(164)	1409:1.6861
(165)	1410:1.71811
(166)	1411:1.79825
(167)	1412:2.04022
(168)	1501:2.20325
(169)	1502:2.12543
(170)	1503:1.74368
(171)	1504:1.42743
(172)	1505:1.17896
(173)	1506:1.021
(174)	1507:0.842346
(175)	1508:0.671478
(176)	1509:0.440094
(177)	1510:0.149689
(178)	1511:-0.20163
(179)	1512:-0.532959
(180)	1601:-0.875397
(181)	1602:-1.12946
(182)	1603:-1.2514
(183)	1604:-1.26303
(184)	1605:-1.25729
(185)	1606:-1.28754
(186)	1607:-1.40393
(187)	1608:-1.5278
(188)	1609:-1.70987
(189)	1610:-1.85809
(190)	1611:-2.0549
(191)	1612:-2.1813
(192)	1701:-2.18463
(193)	1702:-1.99994
(194)	1703:-1.7142
(195)	1704:-1.46375
(196)	1705:-1.2941
(197)	1706:-1.2225
(198)	1707:-1.15445
(199)	1708:-1.09753
(200)	1709:-1.09982
(201)	1710:-1.1474
(202)	1711:-1.18378
(203)	1712:-1.14651
(204)	1801:-1.05038
(205)	1802:-0.890961
(206)	1803:-0.67038
(207)	1804:-0.44574
(208)	1805:-0.181152
(209)	1806:0.197205
(210)	1807:0.598877
(211)	1808:0.844482
(212)	1809:0.926422
(213)	1810:0.914154
(214)	1811:0.891327
(215)	1812:0.836273
(216)	1901:0.720032
(217)	1902:0.740448
(218)	1903:0.735535
(219)	1904:0.747131
(220)	1905:0.707977
(221)	1906:0.855133
(222)	1907:1.10577
(223)	1908:1.25882
(224)	1909:1.21066
(225)	1910:1.09213
(226)	1911:1.01495
(227)	1912:0.937714
(228)	2001:0.766754
(229)	2002:0.507721
(230)	2003:0.302612
(231)	2004:0.153839
(232)	2005:0.121033
(233)	2006:0.15213
(234)	2007:0.341553
(235)	2008:0.487488
(236)	2009:0.394531
(237)	2010:0.11731
(238)	2011:-0.176147
(239)	2012:-0.379639
(240)	2101:-0.512909
(241)	2102:-0.547791
(242)	2103:-0.550598
(243)	2104:-0.603455
(244)	2105:-0.622986
(245)	2106:-0.4375
(246)	2107:-0.0214539
(247)	2108:0.37912
(248)	2109:0.641205
(249)	2110:0.710114
(250)	2111:0.767029
(251)	2112:0.862457
(252)	2201:0.973755
(253)	2202:0.945007
(254)	2203:0.8284
(255)	2204:0.687012
(256)	2205:0.596863
(257)	2206:0.530365
(258)	2207:0.39856
(259)	2208:0.189941
(260)	2209:-0.0137329
(261)	2210:-0.236237
(262)	2211:-0.565277
(263)	2212:-1.04172
(264)	2301:-1.54413
(265)	2302:-1.80634
(266)	2303:-1.85016
(267)	2304:-1.80841
(268)	2305:-1.84439
(269)	2306:-2.01633
(270)	2307:-2.06705
(271)	2308:-1.9563
(272)	2309:-1.85843
(273)	2310:-1.95041
(274)	2311:-2.17715
(275)	2312:-2.32703
(276)	2401:-2.30707
(277)	2402:-2.08218
(278)	2403:-1.73605
(279)	2404:-1.39877
(280)	2405:-1.10077
(281)	2406:-0.82663
(282)	2407:-0.58902
(283)	2408:-0.500031
(284)	2409:-0.44989
(285)	2410:-0.482788
(286)	2411:-0.473419
(287)	2412:-0.514923
(288)	2501:-0.540863
(289)	2502:-0.570282
(290)	2503:-0.529297
(291)	2504:-0.444305
(292)	2505:-0.362061
(293)	2506:-0.293976
(294)	2507:-0.190613
(295)	2508:-0.0262146
(296)	2509:0.141876
(297)	2510:0.29248
(298)	2511:0.373444
(299)	2512:0.403015
(300)	2601:0.387207
(301)	2602:0.34906
(302)	2603:0.315979
(303)	2604:0.266296
(304)	2605:0.312012
(305)	2606:0.265808
(306)	2607:0.274872
(307)	2608:0.298065
(308)	2609:0.309174
(309)	2610:0.203308
(310)	2611:-0.0619507
(311)	2612:-0.298981
(312)	2701:-0.55368
(313)	2702:-0.816437
(314)	2703:-0.997986
(315)	2704:-1.02286
(316)	2705:-0.839355
(317)	2706:-0.671661
(318)	2707:-0.542969
(319)	2708:-0.630066
(320)	2709:-0.714111
(321)	2710:-0.82254
(322)	2711:-0.854309
(323)	2712:-0.945496
(324)	2801:-1.05322
(325)	2802:-1.02802
(326)	2803:-0.948456
(327)	2804:-0.734497
(328)	2805:-0.580078
(329)	2806:-0.437744
(330)	2807:-0.323059
(331)	2808:-0.180847
(332)	2809:-0.105499
(333)	2810:-0.123566
(334)	2811:-0.24231
(335)	2812:-0.328918
(336)	2901:-0.357513
(337)	2902:-0.36734
(338)	2903:-0.348999
(339)	2904:-0.298706
(340)	2905:-0.309479
(341)	2906:-0.365723
(342)	2907:-0.635254
(343)	2908:-0.873535
(344)	2909:-1.09299
(345)	2910:-1.17841
(346)	2911:-1.20853
(347)	2912:-1.18573
(348)	3001:-1.05728
(349)	3002:-0.832275
(350)	3003:-0.639862
(351)	3004:-0.581848
(352)	3005:-0.598358
(353)	3006:-0.611786
(354)	3007:-0.612732
(355)	3008:-0.698883
(356)	3009:-0.896606
(357)	3010:-1.09839
(358)	3011:-1.22287
(359)	3012:-1.23431
(360)	3101:-1.1955
(361)	3102:-1.1572
(362)	3103:-1.18719
(363)	3104:-1.21173
(364)	3105:-1.19153
(365)	3106:-1.0603
(366)	3107:-0.912354
(367)	3108:-0.945129
(368)	3109:-1.06116
(369)	3110:-1.22122
(370)	3111:-1.24878
(371)	3112:-1.26288
(372)	3201:-1.33243
(373)	3202:-1.43677
(374)	3203:-1.56683
(375)	3204:-1.59164
(376)	3205:-1.52585
(377)	3206:-1.30783
(378)	3207:-1.06659
(379)	3208:-0.839569
(380)	3209:-0.69989
(381)	3210:-0.639526
(382)	3211:-0.590454
(383)	3212:-0.518646
(384)	3301:-0.430511
(385)	3302:-0.341949
(386)	3303:-0.222992
(387)	3304:-0.113159
(388)	3305:0.0651245
(389)	3306:0.344421
(390)	3307:0.771332
(391)	3308:1.23444
(392)	3309:1.4935
(393)	3310:1.57361
(394)	3311:1.55612
(395)	3312:1.55228
(396)	3401:1.49011
(397)	3402:1.21741
(398)	3403:0.821564
(399)	3404:0.482025
(400)	3405:0.272064
(401)	3406:0.0522461
(402)	3407:-0.0967102
(403)	3408:-0.118195
(404)	3409:-0.0450439
(405)	3410:-0.0890198
(406)	3411:-0.251709
(407)	3412:-0.399261
(408)	3501:-0.520447
(409)	3502:-0.659943
(410)	3503:-0.765228
(411)	3504:-0.777527
(412)	3505:-0.740204
(413)	3506:-0.803101
(414)	3507:-0.878235
(415)	3508:-0.855438
(416)	3509:-0.743744
(417)	3510:-0.714081
(418)	3511:-0.747101
(419)	3512:-0.742645
(420)	3601:-0.732361
(421)	3602:-0.855072
(422)	3603:-0.952118
(423)	3604:-0.939789
(424)	3605:-0.909363
(425)	3606:-0.940033
(426)	3607:-1.05014
(427)	3608:-1.13058
(428)	3609:-1.26398
(429)	3610:-1.38956
(430)	3611:-1.43094
(431)	3612:-1.52353
(432)	3701:-1.65659
(433)	3702:-1.72876
(434)	3703:-1.59549
(435)	3704:-1.36871
(436)	3705:-1.12891
(437)	3706:-0.958099
(438)	3707:-0.82074
(439)	3708:-0.765472
(440)	3709:-0.769257
(441)	3710:-0.862793
(442)	3711:-0.926056
(443)	3712:-0.896729
(444)	3801:-0.738068
(445)	3802:-0.502197
(446)	3803:-0.222717
(447)	3804:-0.0647278
(448)	3805:0.111328
(449)	3806:0.417999
(450)	3807:0.976379
(451)	3808:1.569
(452)	3809:2.01187
(453)	3810:2.32019
(454)	3811:2.50937
(455)	3812:2.58984
(456)	3901:2.50955
(457)	3902:2.08807
(458)	3903:1.46136
(459)	3904:0.785706
(460)	3905:0.240479
(461)	3906:-0.524506
(462)	3907:-1.41342
(463)	3908:-2.15942
(464)	3909:-2.43149
(465)	3910:-2.49353
(466)	3911:-2.54187
(467)	3912:-2.62155
(468)	4001:-2.57825
(469)	4002:-2.427
(470)	4003:-2.13745
(471)	4004:-1.7868
(472)	4005:-1.45059
(473)	4006:-1.14594
(474)	4007:-1.01678
(475)	4008:-1.03668
(476)	4009:-1.17181
(477)	4010:-1.298
(478)	4011:-1.28476
(479)	4012:-1.21353
(480)	4101:-1.08505
(481)	4102:-0.959839
(482)	4103:-0.744415
(483)	4104:-0.55307
(484)	4105:-0.382355
(485)	4106:-0.31369
(486)	4107:-0.258331
(487)	4108:-0.226898
(488)	4109:-0.205658
(489)	4110:-0.153564
(490)	4111:-0.098877
(491)	4112:-0.0179138
(492)	4201:0.13446
(493)	4202:0.319305
(494)	4203:0.418671
(495)	4204:0.419067
(496)	4205:0.489532
(497)	4206:0.771851
(498)	4207:1.32077
(499)	4208:1.97339
(500)	4209:2.55145
(501)	4210:2.84235
(502)	4211:2.92783
(503)	4212:2.90152
(504)	4301:2.70312
(505)	4302:2.2977
(506)	4303:1.68192
(507)	4304:1.04401
(508)	4305:0.568909
(509)	4306:-0.151581
(510)	4307:-1.09818
(511)	4308:-2.03415
(512)	4309:-2.69824
(513)	4310:-3.11127
(514)	4311:-3.47275
(515)	4312:-3.54572
(516)	4401:-3.33316
(517)	4402:-2.99078
(518)	4403:-2.70135
(519)	4404:-2.45291
(520)	4405:-2.30682
(521)	4406:-2.21161
(522)	4407:-2.23126
(523)	4408:-2.34753
(524)	4409:-2.50269
(525)	4410:-2.66122
(526)	4411:-2.69632
(527)	4412:-2.59973
(528)	4501:-2.33188
(529)	4502:-2.01306
(530)	4503:-1.6958
(531)	4504:-1.44354
(532)	4505:-1.17865
(533)	4506:-0.787354
(534)	4507:-0.326965
(535)	4508:0.069458
(536)	4509:0.320801
(537)	4510:0.548798
(538)	4511:0.795135
(539)	4512:0.950531
(540)	4601:0.91153
(541)	4602:0.749207
(542)	4603:0.539459
(543)	4604:0.383575
(544)	4605:0.40036
(545)	4606:0.601074
(546)	4607:0.883789
(547)	4608:0.955933
(548)	4609:0.987335
(549)	4610:0.976105
(550)	4611:1.04584
(551)	4612:1.03186
(552)	4701:1.03177
(553)	4702:0.969208
(554)	4703:0.867798
(555)	4704:0.647736
(556)	4705:0.447174
(557)	4706:0.215332
(558)	4707:-0.0764771
(559)	4708:-0.171967
(560)	4709:-0.183136
(561)	4710:-0.0594788
(562)	4711:0.00216675
(563)	4712:0.127441
(564)	4801:0.287201
(565)	4802:0.31778
(566)	4803:0.169861
(567)	4804:-0.116425
(568)	4805:-0.521698
(569)	4806:-1.12579
(570)	4807:-1.64786
(571)	4808:-1.92175
(572)	4809:-1.87689
(573)	4810:-1.83441
(574)	4811:-1.89951
(575)	4812:-1.93958
(576)	4901:-1.88885
(577)	4902:-1.64145
(578)	4903:-1.37451
(579)	4904:-1.11258
(580)	4905:-0.906799
(581)	4906:-0.596649
(582)	4907:-0.245758
(583)	4908:-0.0332642
(584)	4909:-0.067688
(585)	4910:-0.291168
(586)	4911:-0.449432
(587)	4912:-0.434845
(588)	5001:-0.327026
(589)	5002:-0.191803
(590)	5003:-0.0759277
(591)	5004:0.111023
(592)	5005:0.365906
(593)	5006:0.691406
(594)	5007:1.08188
(595)	5008:1.41714
(596)	5009:1.66736
(597)	5010:1.7934
(598)	5011:1.98163
(599)	5012:2.18777
(600)	5101:2.24771
(601)	5102:2.11395
(602)	5103:1.69815
(603)	5104:1.18817
(604)	5105:0.617157
(605)	5106:-0.362122
(606)	5107:-1.34653
(607)	5108:-2.07953
(608)	5109:-2.28012
(609)	5110:-2.41602
(610)	5111:-2.68774
(611)	5112:-2.87119
(612)	5201:-2.82947
(613)	5202:-2.66116
(614)	5203:-2.31186
(615)	5204:-1.95163
(616)	5205:-1.68735
(617)	5206:-1.58038
(618)	5207:-1.46902
(619)	5208:-1.19299
(620)	5209:-0.913544
(621)	5210:-0.745789
(622)	5211:-0.742249
(623)	5212:-0.766022
(624)	5301:-0.756012
(625)	5302:-0.716858
(626)	5303:-0.661469
(627)	5304:-0.521973
(628)	5305:-0.384094
(629)	5306:-0.181335
(630)	5307:0.0237427
(631)	5308:0.192169
(632)	5309:0.368622
(633)	5310:0.532043
(634)	5311:0.710846
(635)	5312:0.787354
(636)	5401:0.793518
(637)	5402:0.784363
(638)	5403:0.765228
(639)	5404:0.681427
(640)	5405:0.632111
(641)	5406:0.60556
(642)	5407:0.552521
(643)	5408:0.485016
(644)	5409:0.420471
(645)	5410:0.461761
(646)	5411:0.51532
(647)	5412:0.604156
(648)	5501:0.624359
(649)	5502:0.644836
(650)	5503:0.550659
(651)	5504:0.46936
(652)	5505:0.479218
(653)	5506:0.674255
(654)	5507:0.908661
(655)	5508:1.07404
(656)	5509:1.07333
(657)	5510:1.06033
(658)	5511:1.0484
(659)	5512:1.08783
(660)	5601:0.994904
(661)	5602:0.770813
(662)	5603:0.484375
(663)	5604:0.324707
(664)	5605:0.231903
(665)	5606:0.164886
(666)	5607:0.148621
(667)	5608:-0.00344849
(668)	5609:-0.152771
(669)	5610:-0.269012
(670)	5611:-0.205872
(671)	5612:-0.162933
(672)	5701:-0.196838
(673)	5702:-0.270599
(674)	5703:-0.249237
(675)	5704:-0.200745
(676)	5705:-0.154999
(677)	5706:-0.275085
(678)	5707:-0.480347
(679)	5708:-0.476776
(680)	5709:-0.383331
(681)	5710:-0.308685
(682)	5711:-0.430359
(683)	5712:-0.553406
(684)	5801:-0.615204
(685)	5802:-0.644104
(686)	5803:-0.62793
(687)	5804:-0.570496
(688)	5805:-0.440643
(689)	5806:-0.324463
(690)	5807:-0.216705
(691)	5808:-0.280182
(692)	5809:-0.403931
(693)	5810:-0.58252
(694)	5811:-0.669067
(695)	5812:-0.715637
(696)	5901:-0.685638
(697)	5902:-0.614349
(698)	5903:-0.488892
(699)	5904:-0.337585
(700)	5905:-0.127899
(701)	5906:0.032196
(702)	5907:0.0639038
(703)	5908:-0.0696106
(704)	5909:-0.257233
(705)	5910:-0.361389
(706)	5911:-0.351013
(707)	5912:-0.264893
(708)	6001:-0.175507
(709)	6002:-0.0903931
(710)	6003:0.0967102
(711)	6004:0.226257
(712)	6005:0.410492
(713)	6006:0.589081
(714)	6007:0.821014
(715)	6008:0.985962
(716)	6009:0.867615
(717)	6010:0.750153
(718)	6011:0.635468
(719)	6012:0.680939
(720)	6101:0.604218
(721)	6102:0.420319
(722)	6103:0.240143
(723)	6104:0.0312805
(724)	6105:-0.136566
(725)	6106:-0.393097
(726)	6107:-0.607727
(727)	6108:-0.816986
(728)	6109:-0.972473
(729)	6110:-1.11078
(730)	6111:-1.14764
(731)	6112:-1.16199
(732)	6201:-1.20331
(733)	6202:-1.26083
(734)	6203:-1.18329
(735)	6204:-0.953461
(736)	6205:-0.746643
(737)	6206:-0.675079
(738)	6207:-0.762421
(739)	6208:-0.730194
(740)	6209:-0.652588
(741)	6210:-0.547333
(742)	6211:-0.637543
(743)	6212:-0.714996
(744)	6301:-0.607697
(745)	6302:-0.393219
(746)	6303:-0.13327
(747)	6304:-0.0261536
(748)	6305:0.0597534
(749)	6306:0.187469
(750)	6307:0.438385
(751)	6308:0.663147
(752)	6309:0.661469
(753)	6310:0.512787
(754)	6311:0.350525
(755)	6312:0.322876
(756)	6401:0.37326
(757)	6402:0.430725
(758)	6403:0.428101
(759)	6404:0.357513
(760)	6405:0.234039
(761)	6406:0.0144348
(762)	6407:-0.294952
(763)	6408:-0.588745
(764)	6409:-0.904144
(765)	6410:-1.11588
(766)	6411:-1.28394
(767)	6412:-1.30099
(768)	6501:-1.31259
(769)	6502:-1.31705
(770)	6503:-1.34894
(771)	6504:-1.34116
(772)	6505:-1.3446
(773)	6506:-1.25403
(774)	6507:-1.12421
(775)	6508:-0.881744
(776)	6509:-0.704681
(777)	6510:-0.644135
(778)	6511:-0.6604
(779)	6512:-0.650238
(780)	6601:-0.527649
(781)	6602:-0.343384
(782)	6603:-0.193054
(783)	6604:-0.0474243
(784)	6605:0.106415
(785)	6606:0.445953
(786)	6607:0.925751
(787)	6608:1.47733
(788)	6609:1.92337
(789)	6610:2.16214
(790)	6611:2.27307
(791)	6612:2.30643
(792)	6701:2.21338
(793)	6702:1.83072
(794)	6703:1.29202
(795)	6704:0.788849
(796)	6705:0.437592
(797)	6706:-0.109833
(798)	6707:-0.894043
(799)	6708:-1.5665
(800)	6709:-1.75116
(801)	6710:-1.64581
(802)	6711:-1.59946
(803)	6712:-1.70569
(804)	6801:-1.72928
(805)	6802:-1.66956
(806)	6803:-1.56064
(807)	6804:-1.42139
(808)	6805:-1.2337
(809)	6806:-1.09738
(810)	6807:-1.0264
(811)	6808:-0.9617
(812)	6809:-0.855865
(813)	6810:-0.776093
(814)	6811:-0.716278
(815)	6812:-0.695557
(816)	6901:-0.660583
(817)	6902:-0.574707
(818)	6903:-0.416992
(819)	6904:-0.158905
(820)	6905:0.120636
(821)	6906:0.501129
(822)	6907:0.910919
(823)	6908:1.29788
(824)	6909:1.55789
(825)	6910:1.71603
(826)	6911:1.82083
(827)	6912:1.91751
(828)	7001:1.96542
(829)	7002:1.87726
(830)	7003:1.5864
(831)	7004:1.1626
(832)	7005:0.808777
(833)	7006:0.445862
(834)	7007:-0.021698
(835)	7008:-0.478912
(836)	7009:-0.848633
(837)	7010:-1.12109
(838)	7011:-1.38751
(839)	7012:-1.55298
(840)	7101:-1.47919
(841)	7102:-1.31659
(842)	7103:-1.10934
(843)	7104:-0.987762
(844)	7105:-0.889374
(845)	7106:-0.899109
(846)	7107:-0.993347
(847)	7108:-1.07712
(848)	7109:-1.22812
(849)	7110:-1.38693
(850)	7111:-1.57428
(851)	7112:-1.62067
(852)	7201:-1.53958
(853)	7202:-1.30203
(854)	7203:-0.90744
(855)	7204:-0.457123
(856)	7205:-0.148438
(857)	7206:0.160767
(858)	7207:0.618317
(859)	7208:1.24792
(860)	7209:1.7785
(861)	7210:2.06924
(862)	7211:2.27066
(863)	7212:2.41061
(864)	7301:2.49304
(865)	7302:2.2937
(866)	7303:1.81497
(867)	7304:1.20523
(868)	7305:0.599426
(869)	7306:-0.103943
(870)	7307:-0.844391
(871)	7308:-1.39948
(872)	7309:-1.69669
(873)	7310:-1.83032
(874)	7311:-1.9696
(875)	7312:-2.03802
(876)	7401:-2.04456
(877)	7402:-1.89554
(878)	7403:-1.56146
(879)	7404:-1.12912
(880)	7405:-0.855347
(881)	7406:-0.824188
(882)	7407:-1.00098
(883)	7408:-1.18207
(884)	7409:-1.30533
(885)	7410:-1.33856
(886)	7411:-1.31232
(887)	7412:-1.19501
(888)	7501:-1.03751
(889)	7502:-0.866119
(890)	7503:-0.726349
(891)	7504:-0.646454
(892)	7505:-0.572784
(893)	7506:-0.480072
(894)	7507:-0.379913
(895)	7508:-0.296906
(896)	7509:-0.324768
(897)	7510:-0.513245
(898)	7511:-0.866211
(899)	7512:-1.24973
(900)	7601:-1.46481
(901)	7602:-1.49496
(902)	7603:-1.38446
(903)	7604:-1.25696
(904)	7605:-1.14627
(905)	7606:-1.07431
(906)	7607:-0.992767
(907)	7608:-0.843872
(908)	7609:-0.790863
(909)	7610:-0.773743
(910)	7611:-0.78952
(911)	7612:-0.643372
(912)	7701:-0.507874
(913)	7702:-0.396332
(914)	7703:-0.292328
(915)	7704:-0.124176
(916)	7705:0.0737305
(917)	7706:0.307434
(918)	7707:0.639252
(919)	7708:1.01019
(920)	7709:1.33313
(921)	7710:1.57465
(922)	7711:1.76974
(923)	7712:1.8569
(924)	7801:1.776
(925)	7802:1.40503
(926)	7803:0.9505
(927)	7804:0.546326
(928)	7805:0.0634155
(929)	7806:-0.55722
(930)	7807:-1.16486
(931)	7808:-1.3349
(932)	7809:-1.16214
(933)	7810:-1.03348
(934)	7811:-1.00406
(935)	7812:-0.970886
(936)	7901:-0.748871
(937)	7902:-0.416412
(938)	7903:-0.0609131
(939)	7904:0.202209
(940)	7905:0.415161
(941)	7906:0.758118
(942)	7907:1.2233
(943)	7908:1.72873
(944)	7909:2.0495
(945)	7910:2.24496
(946)	7911:2.2951
(947)	7912:2.25745
(948)	8001:2.14029
(949)	8002:2.01611
(950)	8003:1.79141
(951)	8004:1.4978
(952)	8005:1.23587
(953)	8006:1.23672
(954)	8007:1.37665
(955)	8008:1.46298
(956)	8009:1.41019
(957)	8010:1.35126
(958)	8011:1.40649
(959)	8012:1.41699
(960)	8101:1.26913
(961)	8102:1.04199
(962)	8103:0.886536
(963)	8104:0.847626
(964)	8105:0.8685
(965)	8106:0.861481
(966)	8107:0.500244
(967)	8108:0.090332
(968)	8109:-0.339081
(969)	8110:-0.376984
(970)	8111:-0.457184
(971)	8112:-0.499603
(972)	8201:-0.645905
(973)	8202:-0.712799
(974)	8203:-0.707031
(975)	8204:-0.582794
(976)	8205:-0.431458
(977)	8206:-0.406097
(978)	8207:-0.430542
(979)	8208:-0.467072
(980)	8209:-0.411652
(981)	8210:-0.36496
(982)	8211:-0.361328
(983)	8212:-0.381866
(984)	8301:-0.408752
(985)	8302:-0.330231
(986)	8303:-0.243256
(987)	8304:-0.104126
(988)	8305:0.039093
(989)	8306:0.284576
(990)	8307:0.695038
(991)	8308:1.06
(992)	8309:1.37598
(993)	8310:1.56287
(994)	8311:1.77985
(995)	8312:2.00769
(996)	8401:2.13904
(997)	8402:2.11807
(998)	8403:1.82822
(999)	8404:1.36835
(1000)	8405:0.880157
(1001)	8406:0.507538
(1002)	8407:0.137482
(1003)	8408:-0.368744
(1004)	8409:-0.840851
(1005)	8410:-1.02628
(1006)	8411:-1.11563
(1007)	8412:-1.31876
(1008)	8501:-1.64606
(1009)	8502:-1.75745
(1010)	8503:-1.59109
(1011)	8504:-1.36725
(1012)	8505:-1.26208
(1013)	8506:-1.43622
(1014)	8507:-1.67178
(1015)	8508:-1.6514
(1016)	8509:-1.42847
(1017)	8510:-1.25937
(1018)	8511:-1.30392
(1019)	8512:-1.43222
(1020)	8601:-1.4068
(1021)	8602:-1.24905
(1022)	8603:-1.0162
(1023)	8604:-0.861053
(1024)	8605:-0.732269
(1025)	8606:-0.499176
(1026)	8607:-0.136749
(1027)	8608:0.244629
(1028)	8609:0.472015
(1029)	8610:0.61377
(1030)	8611:0.742828
(1031)	8612:0.855347
(1032)	8701:0.9104
(1033)	8702:0.763672
(1034)	8703:0.504517
(1035)	8704:0.1604
(1036)	8705:-0.0328674
(1037)	8706:0.00640869
(1038)	8707:0.24704
(1039)	8708:0.510498
(1040)	8709:0.635712
(1041)	8710:0.703339
(1042)	8711:0.759918
(1043)	8712:0.87384
(1044)	8801:0.938232
(1045)	8802:1.03214
(1046)	8803:1.0799
(1047)	8804:1.1152
(1048)	8805:1.0849
(1049)	8806:1.27832
(1050)	8807:1.55209
(1051)	8808:1.89511
(1052)	8809:2.20697
(1053)	8810:2.55869
(1054)	8811:2.92462
(1055)	8812:3.05527
(1056)	8901:2.97095
(1057)	8902:2.65448
(1058)	8903:2.2276
(1059)	8904:1.67316
(1060)	8905:1.14944
(1061)	8906:0.428162
(1062)	8907:-0.296478
(1063)	8908:-0.960266
(1064)	8909:-1.19254
(1065)	8910:-1.31613
(1066)	8911:-1.42184
(1067)	8912:-1.62823
(1068)	9001:-1.64117
(1069)	9002:-1.53384
(1070)	9003:-1.34732
(1071)	9004:-1.22772
(1072)	9005:-1.22418
(1073)	9006:-1.30411
(1074)	9007:-1.3905
(1075)	9008:-1.55621
(1076)	9009:-1.94852
(1077)	9010:-2.3049
(1078)	9011:-2.52972
(1079)	9012:-2.42136
(1080)	9101:-2.31583
(1081)	9102:-2.17374
(1082)	9103:-1.94135
(1083)	9104:-1.5773
(1084)	9105:-1.14917
(1085)	9106:-0.790314
(1086)	9107:-0.521973
(1087)	9108:-0.290405
(1088)	9109:-0.192383
(1089)	9110:-0.148224
(1090)	9111:-0.125977
(1091)	9112:-0.0371399
(1092)	9201:0.0743103
(1093)	9202:0.242767
(1094)	9203:0.474884
(1095)	9204:0.688019
(1096)	9205:0.837982
(1097)	9206:1.10419
(1098)	9207:1.57321
(1099)	9208:2.12839
(1100)	9209:2.57385
(1101)	9210:2.83356
(1102)	9211:3.00882
(1103)	9212:2.99191
(1104)	9301:2.73917
(1105)	9302:2.09955
(1106)	9303:1.27029
(1107)	9304:0.448395
(1108)	9305:-0.436035
(1109)	9306:-1.35196
(1110)	9307:-2.173
(1111)	9308:-2.65222
(1112)	9309:-2.74435
(1113)	9310:-2.66418
(1114)	9311:-2.51202
(1115)	9312:-2.42609
(1116)	9401:-2.31036
(1117)	9402:-2.052
(1118)	9403:-1.74356
(1119)	9404:-1.4101
(1120)	9405:-1.08719
(1121)	9406:-0.782379
(1122)	9407:-0.573486
(1123)	9408:-0.491516
(1124)	9409:-0.46814
(1125)	9410:-0.513306
(1126)	9411:-0.559845
(1127)	9412:-0.486145
(1128)	9501:-0.39801
(1129)	9502:-0.295258
(1130)	9503:-0.305878
(1131)	9504:-0.248962
(1132)	9505:-0.142609
(1133)	9506:0.0195618
(1134)	9507:0.161499
(1135)	9508:0.327301
(1136)	9509:0.496796
(1137)	9510:0.644104
(1138)	9511:0.736755
(1139)	9512:0.830658
(1140)	9601:0.943604
(1141)	9602:1.07104
(1142)	9603:1.14029
(1143)	9604:1.05862
(1144)	9605:0.977905
(1145)	9606:1.02225
(1146)	9607:1.18533
(1147)	9608:1.29868
(1148)	9609:1.29794
(1149)	9610:1.27963
(1150)	9611:1.26736
(1151)	9612:1.23285
(1152)	9701:1.18835
(1153)	9702:1.08212
(1154)	9703:0.847046
(1155)	9704:0.585571
(1156)	9705:0.148926
(1157)	9706:-0.296692
(1158)	9707:-0.828613
(1159)	9708:-1.11078
(1160)	9709:-1.33273
(1161)	9710:-1.4137
(1162)	9711:-1.48297
(1163)	9712:-1.47592
(1164)	9801:-1.43027
(1165)	9802:-1.33456
(1166)	9803:-1.20697
(1167)	9804:-1.07648
(1168)	9805:-0.930725
(1169)	9806:-0.741211
(1170)	9807:-0.50177
(1171)	9808:-0.239746
(1172)	9809:-0.0282288
(1173)	9810:0.137573
(1174)	9811:0.303223
(1175)	9812:0.383209
(1176)	9901:0.33255
(1177)	9902:0.277039
(1178)	9903:0.348694
(1179)	9904:0.54834
(1180)	9905:0.701569
(1181)	9906:0.904633
(1182)	9907:1.16281
(1183)	9908:1.38895
(1184)	9909:1.45203
(1185)	9910:1.39819
(1186)	9911:1.38806
(1187)	9912:1.37189
(1188)	10001:1.17313
(1189)	10002:0.830505
(1190)	10003:0.51123
(1191)	10004:0.374481
(1192)	10005:0.329865
(1193)	10006:0.191498
(1194)	10007:-0.0133057
(1195)	10008:-0.355438
(1196)	10009:-0.613861
(1197)	10010:-0.755127
(1198)	10011:-0.77771
(1199)	10012:-0.7948
(1200)	10101:-0.945404
(1201)	10102:-1.00449
(1202)	10103:-0.991241
(1203)	10104:-0.860901
(1204)	10105:-0.843689
(1205)	10106:-0.958221
(1206)	10107:-1.10159
(1207)	10108:-1.17816
(1208)	10109:-1.24689
(1209)	10110:-1.38147
(1210)	10111:-1.63556
(1211)	10112:-1.79871
(1212)	10201:-1.8186
(1213)	10202:-1.5788
(1214)	10203:-1.23511
(1215)	10204:-0.866699
(1216)	10205:-0.531952
(1217)	10206:-0.226013
(1218)	10207:0.00146484
(1219)	10208:0.190094
(1220)	10209:0.385803
(1221)	10210:0.558411
(1222)	10211:0.655762
(1223)	10212:0.721954
(1224)	10301:0.747559
(1225)	10302:0.699402
(1226)	10303:0.51001
(1227)	10304:0.282471
(1228)	10305:0.131958
(1229)	10306:0.00619507
(1230)	10307:-0.177124
(1231)	10308:-0.422791
(1232)	10309:-0.623901
(1233)	10310:-0.7005
(1234)	10311:-0.610168
(1235)	10312:-0.504822
(1236)	10401:-0.483765
(1237)	10402:-0.552521
(1238)	10403:-0.569702
(1239)	10404:-0.409912
(1240)	10405:-0.175232
(1241)	10406:0.0722656
(1242)	10407:0.290619
(1243)	10408:0.439758
(1244)	10409:0.446014
(1245)	10410:0.351715
(1246)	10411:0.233368
(1247)	10412:0.173828
(1248)	10501:0.175079
(1249)	10502:0.282745
(1250)	10503:0.40213
(1251)	10504:0.404327
(1252)	10505:0.484253
(1253)	10506:0.791656
(1254)	10507:1.37112
(1255)	10508:1.99042
(1256)	10509:2.41678
(1257)	10510:2.67383
(1258)	10511:2.75977
(1259)	10512:2.78616
(1260)	10601:2.62708
(1261)	10602:2.25824
(1262)	10603:1.68265
(1263)	10604:1.00159
(1264)	10605:0.414276
(1265)	10606:-0.205994
(1266)	10607:-0.853424
(1267)	10608:-1.47717
(1268)	10609:-1.8273
(1269)	10610:-1.92249
(1270)	10611:-1.99106
(1271)	10612:-2.06006
(1272)	10701:-1.98926
(1273)	10702:-1.72775
(1274)	10703:-1.31375
(1275)	10704:-0.909546
(1276)	10705:-0.631927
(1277)	10706:-0.418732
(1278)	10707:-0.289642
(1279)	10708:-0.181519
(1280)	10709:-0.207642
(1281)	10710:-0.170685
(1282)	10711:-0.0656738
(1283)	10712:0.068634
(1284)	10801:0.146393
(1285)	10802:0.343872
(1286)	10803:0.6026
(1287)	10804:0.829681
(1288)	10805:0.862061
(1289)	10806:0.895264
(1290)	10807:0.989258
(1291)	10808:1.12903
(1292)	10809:1.19232
(1293)	10810:1.18707
(1294)	10811:1.20493
(1295)	10812:1.28427
(1296)	10901:1.30441
(1297)	10902:1.15161
(1298)	10903:0.926544
(1299)	10904:0.816406
(1300)	10905:0.601471
(1301)	10906:0.387848
(1302)	10907:-0.0310974
(1303)	10908:-0.442352
(1304)	10909:-0.862244
(1305)	10910:-1.08597
(1306)	10911:-1.17081
(1307)	10912:-1.37811
(1308)	11001:-1.60342
(1309)	11002:-1.68127
(1310)	11003:-1.50769
(1311)	11004:-1.30914
(1312)	11005:-1.13544
(1313)	11006:-0.976166
(1314)	11007:-0.795319
(1315)	11008:-0.674408
(1316)	11009:-0.637726
(1317)	11010:-0.680206
(1318)	11011:-0.689117
(1319)	11012:-0.693787
(1320)	11101:-0.716187
(1321)	11102:-0.723877
(1322)	11103:-0.710419
(1323)	11104:-0.600433
(1324)	11105:-0.452026
(1325)	11106:-0.284729
(1326)	11107:-0.206848
(1327)	11108:-0.229034
(1328)	11109:-0.18988
(1329)	11110:-0.0881958
(1330)	11111:0.0433044
(1331)	11112:0.0318909
(1332)	11201:-0.153107
(1333)	11202:-0.338226
(1334)	11203:-0.526672
(1335)	11204:-0.57074
(1336)	11205:-0.665375
(1337)	11206:-0.723846
(1338)	11207:-0.823761
(1339)	11208:-1.0477
(1340)	11209:-1.3559
(1341)	11210:-1.58459
(1342)	11211:-1.62878
(1343)	11212:-1.54361
(1344)	11301:-1.44037
(1345)	11302:-1.23004
(1346)	11303:-0.92691
(1347)	11304:-0.594971
(1348)	11305:-0.260071
(1349)	11306:0.107605
(1350)	11307:0.53418
(1351)	11308:0.979828
(1352)	11309:1.26868
(1353)	11310:1.41299
(1354)	11311:1.4462
(1355)	11312:1.47971
(1356)	11401:1.44638
(1357)	11402:1.3389
(1358)	11403:1.2092
(1359)	11404:0.977112
(1360)	11405:0.739014
(1361)	11406:0.34967
(1362)	11407:-0.0274963
(1363)	11408:-0.2901
(1364)	11409:-0.316467
(1365)	11410:-0.183807
(1366)	11411:-0.0970459
(1367)	11412:-0.0989075
(1368)	11501:-0.239471
(1369)	11502:-0.363098
(1370)	11503:-0.495056
(1371)	11504:-0.431885
(1372)	11505:-0.4133
(1373)	11506:-0.454193
(1374)	11507:-0.688385
(1375)	11508:-0.957306
(1376)	11509:-1.12531
(1377)	11510:-1.15643
(1378)	11511:-1.17175
(1379)	11512:-1.27032
(1380)	11601:-1.39447
(1381)	11602:-1.40805
(1382)	11603:-1.31775
(1383)	11604:-1.1329
(1384)	11605:-0.993713
(1385)	11606:-0.887512
(1386)	11607:-0.789978
(1387)	11608:-0.662659
(1388)	11609:-0.611816
(1389)	11610:-0.705139
(1390)	11611:-0.853607
(1391)	11612:-0.887787
(1392)	11701:-0.785065
(1393)	11702:-0.567017
(1394)	11703:-0.346252
(1395)	11704:-0.182892
(1396)	11705:-0.0308228
(1397)	11706:0.196472
(1398)	11707:0.471436
(1399)	11708:0.744507
(1400)	11709:0.917328
(1401)	11710:1.00296
(1402)	11711:1.01782
(1403)	11712:1.0303
(1404)	11801:1.03677
(1405)	11802:1.03503
(1406)	11803:0.944824
(1407)	11804:0.766937
(1408)	11805:0.582001
(1409)	11806:0.270294
(1410)	11807:-0.108765
(1411)	11808:-0.467834
(1412)	11809:-0.655884
(1413)	11810:-0.743317
(1414)	11811:-0.886108
(1415)	11812:-1.01834
(1416)	11901:-1.07385
(1417)	11902:-1.01758
(1418)	11903:-0.82605
(1419)	11904:-0.614014
(1420)	11905:-0.378448
(1421)	11906:-0.248779
(1422)	11907:-0.203522
(1423)	11908:-0.211517
(1424)	11909:-0.209747
(1425)	11910:-0.135284
(1426)	11911:-0.0431213
(1427)	11912:0.0614014
(1428)	12001:0.181915
(1429)	12002:0.232666
(1430)	12003:0.204041
(1431)	12004:0.172943
(1432)	12005:0.185364
(1433)	12006:0.359619
(1434)	12007:0.542847
(1435)	12008:0.706146
(1436)	12009:0.784637
(1437)	12010:0.83606
(1438)	12011:0.909302
(1439)	12012:0.952484
(1440)	12101:0.949432
(1441)	12102:0.855591
(1442)	12103:0.644775
(1443)	12104:0.490173
(1444)	12105:0.539185
(1445)	12106:0.777008
(1446)	12107:0.987457
(1447)	12108:1.10626
(1448)	12109:1.20364
(1449)	12110:1.31857
(1450)	12111:1.48593
(1451)	12112:1.65939
(1452)	12201:1.72925
(1453)	12202:1.67783
(1454)	12203:1.44904
(1455)	12204:1.19049
(1456)	12205:1.0033
(1457)	12206:0.864868
(1458)	12207:0.582214
(1459)	12208:0.0970459
(1460)	12209:-0.307831
(1461)	12210:-0.5495
(1462)	12211:-0.702209
(1463)	12212:-0.907013
(1464)	12301:-1.01889
(1465)	12302:-1.01822
(1466)	12303:-0.977661
(1467)	12304:-0.882416
(1468)	12305:-0.886902
(1469)	12306:-1.04581
(1470)	12307:-1.28
(1471)	12308:-1.54709
(1472)	12309:-1.83054
(1473)	12310:-2.19046
(1474)	12311:-2.42438
(1475)	12312:-2.40372
(1476)	12401:-2.20743
(1477)	12402:-1.95074
(1478)	12403:-1.71326
(1479)	12404:-1.4942
(1480)	12405:-1.26517
(1481)	12406:-1.0517
(1482)	12407:-0.813568
(1483)	12408:-0.67099
(1484)	12409:-0.800476
(1485)	12410:-1.13388
(1486)	12411:-1.45993
(1487)	12412:-1.47522
(1488)	12501:-1.29581
(1489)	12502:-0.99295
(1490)	12503:-0.676819
(1491)	12504:-0.362854
(1492)	12505:-0.0402222
(1493)	12506:0.31073
(1494)	12507:0.746246
(1495)	12508:1.14423
(1496)	12509:1.3887
(1497)	12510:1.50922
(1498)	12511:1.48611
(1499)	12512:1.4873
(1500)	12601:1.34348
(1501)	12602:1.22366
(1502)	12603:1.11246
(1503)	12604:1.16263
(1504)	12605:1.28195
(1505)	12606:1.48914
(1506)	12607:1.67404
(1507)	12608:1.92612
(1508)	12609:2.04413
(1509)	12610:2.06778
(1510)	12611:1.98334
(1511)	12612:1.92719
(1512)	12701:1.84131
(1513)	12702:1.6579
(1514)	12703:1.31506
(1515)	12704:0.862274
(1516)	12705:0.336182
(1517)	12706:-0.218231
(1518)	12707:-0.744537
(1519)	12708:-1.12369
(1520)	12709:-1.35031
(1521)	12710:-1.48392
(1522)	12711:-1.62122
(1523)	12712:-1.71771
(1524)	12801:-1.68991
(1525)	12802:-1.47287
(1526)	12803:-1.14966
(1527)	12804:-0.802826
(1528)	12805:-0.587677
(1529)	12806:-0.507263
(1530)	12807:-0.429016
(1531)	12808:-0.36496
(1532)	12809:-0.383209
(1533)	12810:-0.592834
(1534)	12811:-0.823944
(1535)	12812:-0.930969
(1536)	12901:-0.892914
(1537)	12902:-0.680695
(1538)	12903:-0.353485
(1539)	12904:-0.00341797
(1540)	12905:0.214203
(1541)	12906:0.459534
(1542)	12907:0.673035
(1543)	12908:0.822998
(1544)	12909:0.852386
(1545)	12910:0.833466
(1546)	12911:0.866791
(1547)	12912:0.815186
(1548)	13001:0.827057
(1549)	13002:0.814484
(1550)	13003:0.909302
(1551)	13004:0.876007
(1552)	13005:0.819733
(1553)	13006:0.707092
(1554)	13007:0.464935
(1555)	13008:0.143066
(1556)	13009:-0.273987
(1557)	13010:-0.525085
(1558)	13011:-0.638031
(1559)	13012:-0.652496
(1560)	13101:-0.601654
(1561)	13102:-0.516357
(1562)	13103:-0.477478
(1563)	13104:-0.361847
(1564)	13105:-0.238495
(1565)	13106:-0.11615
(1566)	13107:-0.261169
(1567)	13108:-0.42749
(1568)	13109:-0.469604
(1569)	13110:-0.398315
(1570)	13111:-0.365784
(1571)	13112:-0.365051
(1572)	13201:-0.247894
(1573)	13202:0.0483093
(1574)	13203:0.288025
(1575)	13204:0.433258
(1576)	13205:0.471893
(1577)	13206:0.66214
(1578)	13207:1.01718
(1579)	13208:1.44431
(1580)	13209:1.84232
(1581)	13210:2.08203
(1582)	13211:2.22086
(1583)	13212:2.26135
(1584)	13301:2.14453
(1585)	13302:1.8725
(1586)	13303:1.36356
(1587)	13304:0.865295
(1588)	13305:0.435486
(1589)	13306:-0.117889
(1590)	13307:-0.603363
(1591)	13308:-1.04266
(1592)	13309:-1.14102
(1593)	13310:-1.13541
(1594)	13311:-1.13748
(1595)	13312:-1.17435
(1596)	13401:-1.14117
(1597)	13402:-0.927734
(1598)	13403:-0.580139
(1599)	13404:-0.340057
(1600)	13405:-0.165863
(1601)	13406:-0.0706787
(1602)	13407:-0.0255432
(1603)	13408:-0.197571
(1604)	13409:-0.471863
(1605)	13410:-0.721466
(1606)	13411:-0.808716
(1607)	13412:-0.815796
(1608)	13501:-0.680817
(1609)	13502:-0.439117
(1610)	13503:-0.0671082
(1611)	13504:0.242126
(1612)	13505:0.553284
(1613)	13506:0.907471
(1614)	13507:1.45575
(1615)	13508:1.97906
(1616)	13509:2.34747
(1617)	13510:2.50809
(1618)	13511:2.64749
(1619)	13512:2.79553
(1620)	13601:2.75964
(1621)	13602:2.57565
(1622)	13603:2.23746
(1623)	13604:1.86887
(1624)	13605:1.51511
(1625)	13606:1.07428
(1626)	13607:0.46698
(1627)	13608:-0.159058
(1628)	13609:-0.624847
(1629)	13610:-0.743225
(1630)	13611:-0.8508
(1631)	13612:-0.912354
(1632)	13701:-0.967926
(1633)	13702:-1.11392
(1634)	13703:-1.32632
(1635)	13704:-1.48752
(1636)	13705:-1.59018
(1637)	13706:-1.72128
(1638)	13707:-1.94583
(1639)	13708:-2.05914
(1640)	13709:-2.17224
(1641)	13710:-2.2962
(1642)	13711:-2.36859
(1643)	13712:-2.30988
(1644)	13801:-2.11093
(1645)	13802:-1.79974
(1646)	13803:-1.43295
(1647)	13804:-1.13199
(1648)	13805:-0.864288
(1649)	13806:-0.583588
(1650)	13807:-0.252045
(1651)	13808:0.0207825
(1652)	13809:0.250732
(1653)	13810:0.394348
(1654)	13811:0.456909
(1655)	13812:0.407684
(1656)	13901:0.460968
(1657)	13902:0.615051
(1658)	13903:0.833771
(1659)	13904:0.920563
(1660)	13905:0.957977
(1661)	13906:1.09525
(1662)	13907:1.37103
(1663)	13908:1.69357
(1664)	13909:1.9913
(1665)	13910:2.17831
(1666)	13911:2.34598
(1667)	13912:2.45764
(1668)	14001:2.46573
(1669)	14002:2.23087
(1670)	14003:1.86707
(1671)	14004:1.39285
(1672)	14005:0.929169
(1673)	14006:0.27478
(1674)	14007:-0.53537
(1675)	14008:-1.21405
(1676)	14009:-1.58148
(1677)	14010:-1.62296
(1678)	14011:-1.66116
(1679)	14012:-1.80457
(1680)	14101:-1.85849
(1681)	14102:-1.8653
(1682)	14103:-1.67758
(1683)	14104:-1.51138
(1684)	14105:-1.2829
(1685)	14106:-1.18781
(1686)	14107:-1.18274
(1687)	14108:-1.23779
(1688)	14109:-1.38846
(1689)	14110:-1.57507
(1690)	14111:-1.81165
(1691)	14112:-1.93698
(1692)	14201:-1.89127
(1693)	14202:-1.66086
(1694)	14203:-1.38467
(1695)	14204:-1.15448
(1696)	14205:-0.981293
(1697)	14206:-0.839478
(1698)	14207:-0.833832
(1699)	14208:-0.99231
(1700)	14209:-1.22528
(1701)	14210:-1.38461
(1702)	14211:-1.43198
(1703)	14212:-1.3945
(1704)	14301:-1.24319
(1705)	14302:-0.978241
(1706)	14303:-0.64151
(1707)	14304:-0.290131
(1708)	14305:-0.054718
(1709)	14306:0.125702
(1710)	14307:0.307587
(1711)	14308:0.563354
(1712)	14309:0.820557
(1713)	14310:0.945374
(1714)	14311:0.972412
(1715)	14312:1.01724
(1716)	14401:1.14206
(1717)	14402:1.20102
(1718)	14403:1.03009
(1719)	14404:0.768463
(1720)	14405:0.654297
(1721)	14406:0.71402
(1722)	14407:0.733215
(1723)	14408:0.53186
(1724)	14409:0.381989
(1725)	14410:0.298096
(1726)	14411:0.332458
(1727)	14412:0.25238
(1728)	14501:0.169983
(1729)	14502:0.240936
(1730)	14503:0.411102
(1731)	14504:0.519836
(1732)	14505:0.486084
(1733)	14506:0.294037
(1734)	14507:-0.0610962
(1735)	14508:-0.39444
(1736)	14509:-0.609161
(1737)	14510:-0.665955
(1738)	14511:-0.697998
(1739)	14512:-0.737488
(1740)	14601:-0.674744
(1741)	14602:-0.623901
(1742)	14603:-0.645508
(1743)	14604:-0.609009
(1744)	14605:-0.601624
(1745)	14606:-0.58432
(1746)	14607:-0.77417
(1747)	14608:-1.01996
(1748)	14609:-1.25589
(1749)	14610:-1.38538
(1750)	14611:-1.40881
(1751)	14612:-1.34067
(1752)	14701:-1.19968
(1753)	14702:-0.952118
(1754)	14703:-0.677277
(1755)	14704:-0.414185
(1756)	14705:-0.171906
(1757)	14706:0.175812
(1758)	14707:0.668671
(1759)	14708:1.1922
(1760)	14709:1.61902
(1761)	14710:1.83234
(1762)	14711:1.98212
(1763)	14712:2.03549
(1764)	14801:2.06638
(1765)	14802:1.84329
(1766)	14803:1.51505
(1767)	14804:1.16461
(1768)	14805:0.948395
(1769)	14806:0.54425
(1770)	14807:0.0635986
(1771)	14808:-0.342133
(1772)	14809:-0.502655
(1773)	14810:-0.569489
(1774)	14811:-0.729919
(1775)	14812:-0.895782
(1776)	14901:-1.01794
(1777)	14902:-1.09253
(1778)	14903:-1.11346
(1779)	14904:-1.19449
(1780)	14905:-1.28339
(1781)	14906:-1.26794
(1782)	14907:-1.11102
(1783)	14908:-0.893372
(1784)	14909:-0.853668
(1785)	14910:-0.976959
(1786)	14911:-1.09738
(1787)	14912:-1.02927
(1788)	15001:-0.79953
(1789)	15002:-0.438629
(1790)	15003:-0.0334167
(1791)	15004:0.244232
(1792)	15005:0.450378
(1793)	15006:0.628296
(1794)	15007:0.904724
(1795)	15008:1.06055
(1796)	15009:1.05179
(1797)	15010:0.993164
(1798)	15011:0.975342
(1799)	15012:1.0249
(1800)	15101:0.973907
(1801)	15102:0.897919
(1802)	15103:0.71167
(1803)	15104:0.561615
(1804)	15105:0.562988
(1805)	15106:0.751282
(1806)	15107:1.01569
(1807)	15108:1.18356
(1808)	15109:1.24396
(1809)	15110:1.35962
(1810)	15111:1.5361
(1811)	15112:1.72894
(1812)	15201:1.81091
(1813)	15202:1.69635
(1814)	15203:1.37244
(1815)	15204:0.995667
(1816)	15205:0.706909
(1817)	15206:0.458008
(1818)	15207:0.226807
(1819)	15208:0.0159607
(1820)	15209:-0.180634
(1821)	15210:-0.354126
(1822)	15211:-0.476318
(1823)	15212:-0.458038
(1824)	15301:-0.392731
(1825)	15302:-0.322968
(1826)	15303:-0.145386
(1827)	15304:0.0898132
(1828)	15305:0.333313
(1829)	15306:0.518585
(1830)	15307:0.649231
(1831)	15308:0.720367
(1832)	15309:0.913757
(1833)	15310:1.15652
(1834)	15311:1.35727
(1835)	15312:1.3222
(1836)	15401:1.1954
(1837)	15402:1.06985
(1838)	15403:0.898407
(1839)	15404:0.56012
(1840)	15405:0.169281
(1841)	15406:-0.33139
(1842)	15407:-0.889404
(1843)	15408:-1.32327
(1844)	15409:-1.52112
(1845)	15410:-1.629
(1846)	15411:-1.82541
(1847)	15412:-1.98178
(1848)	15501:-1.93149
(1849)	15502:-1.67865
(1850)	15503:-1.37732
(1851)	15504:-1.06732
(1852)	15505:-0.832031
(1853)	15506:-0.738373
(1854)	15507:-0.727173
(1855)	15508:-0.817352
(1856)	15509:-0.918671
(1857)	15510:-1.0972
(1858)	15511:-1.24542
(1859)	15512:-1.34985
(1860)	15601:-1.30579
(1861)	15602:-1.18976
(1862)	15603:-0.990479
(1863)	15604:-0.747528
(1864)	15605:-0.459442
(1865)	15606:-0.155945
(1866)	15607:0.137939
(1867)	15608:0.411743
(1868)	15609:0.527649
(1869)	15610:0.557434
(1870)	15611:0.659485
(1871)	15612:0.917694
(1872)	15701:1.1777
(1873)	15702:1.36584
(1874)	15703:1.45343
(1875)	15704:1.53058
(1876)	15705:1.53412
(1877)	15706:1.67709
(1878)	15707:1.89819
(1879)	15708:2.25851
(1880)	15709:2.57227
(1881)	15710:2.78851
(1882)	15711:2.92325
(1883)	15712:2.93018
(1884)	15801:2.85892
(1885)	15802:2.51489
(1886)	15803:1.89746
(1887)	15804:1.28491
(1888)	15805:0.525299
(1889)	15806:-0.493896
(1890)	15807:-1.58453
(1891)	15808:-2.36063
(1892)	15809:-2.61093
(1893)	15810:-2.76526
(1894)	15811:-2.85428
(1895)	15812:-2.81317
(1896)	15901:-2.55621
(1897)	15902:-2.13547
(1898)	15903:-1.66605
(1899)	15904:-1.27048
(1900)	15905:-1.0116
(1901)	15906:-0.862579
(1902)	15907:-0.751221
(1903)	15908:-0.625824
(1904)	15909:-0.582397
(1905)	15910:-0.557312
(1906)	15911:-0.554443
(1907)	15912:-0.412567
(1908)	16001:-0.196014
(1909)	16002:0.145111
(1910)	16003:0.514069
(1911)	16004:0.730927
(1912)	16005:0.778839
(1913)	16006:0.874451
(1914)	16007:1.12091
(1915)	16008:1.3739
(1916)	16009:1.53345
(1917)	16010:1.60626
(1918)	16011:1.72266
(1919)	16012:1.72485
(1920)	16101:1.63498
(1921)	16102:1.55246
(1922)	16103:1.45209
(1923)	16104:1.30972
(1924)	16105:1.14984
(1925)	16106:1.03424
(1926)	16107:0.980438
(1927)	16108:0.794373
(1928)	16109:0.608551
(1929)	16110:0.460938
(1930)	16111:0.392761
(1931)	16112:0.220764
(1932)	16201:0.0542603
(1933)	16202:-0.150543
(1934)	16203:-0.219604
(1935)	16204:-0.35141
(1936)	16205:-0.526276
(1937)	16206:-0.778809
(1938)	16207:-1.03415
(1939)	16208:-1.28943
(1940)	16209:-1.56146
(1941)	16210:-1.81421
(1942)	16211:-1.99884
(1943)	16212:-2.10507
(1944)	16301:-2.06168
(1945)	16302:-1.88614
(1946)	16303:-1.68076
(1947)	16304:-1.52817
(1948)	16305:-1.29431
(1949)	16306:-1.00034
(1950)	16307:-0.665527
(1951)	16308:-0.370605
(1952)	16309:-0.117279
(1953)	16310:-0.000579834
(1954)	16311:-0.0119019
(1955)	16312:-0.121094
(1956)	16401:-0.177368
(1957)	16402:-0.163177
(1958)	16403:-0.102905
(1959)	16404:-0.012085
(1960)	16405:0.145233
(1961)	16406:0.456116
(1962)	16407:0.889923
(1963)	16408:1.34961
(1964)	16409:1.70279
(1965)	16410:1.88409
(1966)	16411:2.02209
(1967)	16412:2.12482
(1968)	16501:2.1691
(1969)	16502:1.98239
(1970)	16503:1.6214
(1971)	16504:1.17331
(1972)	16505:0.872589
(1973)	16506:0.673157
(1974)	16507:0.450836
(1975)	16508:0.111511
(1976)	16509:-0.269165
(1977)	16510:-0.51886
(1978)	16511:-0.654602
(1979)	16512:-0.681244
(1980)	16601:-0.621826
(1981)	16602:-0.629395
(1982)	16603:-0.658051
(1983)	16604:-0.712646
(1984)	16605:-0.671173
(1985)	16606:-0.543884
(1986)	16607:-0.35199
(1987)	16608:-0.137085
(1988)	16609:0.0552979
(1989)	16610:0.162415
(1990)	16611:0.24234
(1991)	16612:0.23465
(1992)	16701:0.178009
(1993)	16702:0.154388
(1994)	16703:0.195343
(1995)	16704:0.230377
(1996)	16705:0.316254
(1997)	16706:0.464661
(1998)	16707:0.800293
(1999)	16708:1.10114
(2000)	16709:1.35495
(2001)	16710:1.44989
(2002)	16711:1.55112
(2003)	16712:1.64871
(2004)	16801:1.75275
(2005)	16802:1.74261
(2006)	16803:1.63528
(2007)	16804:1.46252
(2008)	16805:1.34375
(2009)	16806:1.41876
(2010)	16807:1.51746
(2011)	16808:1.45157
(2012)	16809:1.29669
(2013)	16810:1.19543
(2014)	16811:1.22186
(2015)	16812:1.17438
(2016)	16901:1.06226
(2017)	16902:0.905701
(2018)	16903:0.69101
(2019)	16904:0.464569
(2020)	16905:0.103638
(2021)	16906:-0.374268
(2022)	16907:-0.926483
(2023)	16908:-1.17252
(2024)	16909:-1.15717
(2025)	16910:-1.0864
(2026)	16911:-1.15002
(2027)	16912:-1.25266
(2028)	17001:-1.14432
(2029)	17002:-0.882843
(2030)	17003:-0.574493
(2031)	17004:-0.331329
(2032)	17005:-0.109467
(2033)	17006:0.0928345
(2034)	17007:0.185486
(2035)	17008:0.258362
(2036)	17009:0.317291
(2037)	17010:0.401855
(2038)	17011:0.460266
(2039)	17012:0.45932
(2040)	17101:0.464233
(2041)	17102:0.424713
(2042)	17103:0.417206
(2043)	17104:0.360504
(2044)	17105:0.262115
(2045)	17106:0.0401611
(2046)	17107:-0.309601
(2047)	17108:-0.519775
(2048)	17109:-0.63623
(2049)	17110:-0.687927
(2050)	17111:-0.90802
(2051)	17112:-1.12866
(2052)	17201:-1.22882
(2053)	17202:-1.14664
(2054)	17203:-1.01392
(2055)	17204:-0.873657
(2056)	17205:-0.783447
(2057)	17206:-0.805145
(2058)	17207:-0.747925
(2059)	17208:-0.598236
(2060)	17209:-0.401215
(2061)	17210:-0.353729
(2062)	17211:-0.454041
(2063)	17212:-0.513855
(2064)	17301:-0.481232
(2065)	17302:-0.319
(2066)	17303:-0.136627
(2067)	17304:0.108307
(2068)	17305:0.329803
(2069)	17306:0.740601
(2070)	17307:1.37021
(2071)	17308:2.08774
(2072)	17309:2.66177
(2073)	17310:2.99118
(2074)	17311:3.18222
(2075)	17312:3.21564
(2076)	17401:2.98547
(2077)	17402:2.44492
(2078)	17403:1.81931
(2079)	17404:1.15997
(2080)	17405:0.311615
(2081)	17406:-0.872803
(2082)	17407:-1.95432
(2083)	17408:-2.58322
(2084)	17409:-2.79681
(2085)	17410:-2.79297
(2086)	17411:-2.74582
(2087)	17412:-2.58081
(2088)	17501:-2.51874
(2089)	17502:-2.37897
(2090)	17503:-2.20834
(2091)	17504:-1.92282
(2092)	17505:-1.70221
(2093)	17506:-1.5582
(2094)	17507:-1.47952
(2095)	17508:-1.42072
(2096)	17509:-1.42517
(2097)	17510:-1.55817
(2098)	17511:-1.70804
(2099)	17512:-1.71298
(2100)	17601:-1.57117
(2101)	17602:-1.33301
(2102)	17603:-1.09872
(2103)	17604:-0.881561
(2104)	17605:-0.676117
(2105)	17606:-0.435486
(2106)	17607:-0.215637
(2107)	17608:0.085022
(2108)	17609:0.362213
(2109)	17610:0.608185
(2110)	17611:0.752899
(2111)	17612:0.893005
(2112)	17701:1.15067
(2113)	17702:1.33243
(2114)	17703:1.35596
(2115)	17704:1.2269
(2116)	17705:1.16046
(2117)	17706:1.3187
(2118)	17707:1.63733
(2119)	17708:1.94385
(2120)	17709:2.11667
(2121)	17710:2.20642
(2122)	17711:2.44574
(2123)	17712:2.72183
(2124)	17801:2.82462
(2125)	17802:2.60513
(2126)	17803:2.14456
(2127)	17804:1.51837
(2128)	17805:0.918549
(2129)	17806:0.282684
(2130)	17807:-0.236877
(2131)	17808:-0.586243
(2132)	17809:-0.869171
(2133)	17810:-1.01886
(2134)	17811:-1.2713
(2135)	17812:-1.37573
(2136)	17901:-1.46036
(2137)	17902:-1.41846
(2138)	17903:-1.26144
(2139)	17904:-1.07446
(2140)	17905:-0.861084
(2141)	17906:-0.695801
(2142)	17907:-0.506927
(2143)	17908:-0.391785
(2144)	17909:-0.47818
(2145)	17910:-0.678375
(2146)	17911:-0.873962
(2147)	17912:-0.887238
(2148)	18001:-0.739105
(2149)	18002:-0.48642
(2150)	18003:-0.230713
(2151)	18004:0.0489807
(2152)	18005:0.295227
(2153)	18006:0.574005
(2154)	18007:0.769714
(2155)	18008:0.940979
(2156)	18009:1.06265
(2157)	18010:1.1463
(2158)	18011:1.14529
(2159)	18012:1.19907
(2160)	18101:1.30972
(2161)	18102:1.46909
(2162)	18103:1.46866
(2163)	18104:1.36847
(2164)	18105:1.28473
(2165)	18106:1.2771
(2166)	18107:1.34375
(2167)	18108:1.38223
(2168)	18109:1.4256
(2169)	18110:1.47076
(2170)	18111:1.55441
(2171)	18112:1.61169
(2172)	18201:1.51929
(2173)	18202:1.24902
(2174)	18203:0.812714
(2175)	18204:0.408234
(2176)	18205:-0.0017395
(2177)	18206:-0.43277
(2178)	18207:-0.894196
(2179)	18208:-1.27786
(2180)	18209:-1.43805
(2181)	18210:-1.52579
(2182)	18211:-1.53406
(2183)	18212:-1.54507
(2184)	18301:-1.41669
(2185)	18302:-1.20493
(2186)	18303:-0.884766
(2187)	18304:-0.61087
(2188)	18305:-0.330872
(2189)	18306:-0.0689697
(2190)	18307:0.147064
(2191)	18308:0.336761
(2192)	18309:0.439667
(2193)	18310:0.510895
(2194)	18311:0.523895
(2195)	18312:0.59256
(2196)	18401:0.657135
(2197)	18402:0.713654
(2198)	18403:0.621826
(2199)	18404:0.605469
(2200)	18405:0.674042
(2201)	18406:0.901001
(2202)	18407:1.08023
(2203)	18408:1.12381
(2204)	18409:1.08521
(2205)	18410:1.07458
(2206)	18411:1.10208
(2207)	18412:1.05734
(2208)	18501:0.843231
(2209)	18502:0.614624
(2210)	18503:0.420502
(2211)	18504:0.35849
(2212)	18505:0.340698
(2213)	18506:0.453918
(2214)	18507:0.58374
(2215)	18508:0.552917
(2216)	18509:0.487152
(2217)	18510:0.481262
(2218)	18511:0.612488
(2219)	18512:0.691162
(2220)	18601:0.717194
(2221)	18602:0.758667
(2222)	18603:0.772736
(2223)	18604:0.717499
(2224)	18605:0.616302
(2225)	18606:0.471527
(2226)	18607:0.296234
(2227)	18608:0.191376
(2228)	18609:0.0692444
(2229)	18610:0.0735779
(2230)	18611:0.0116272
(2231)	18612:-0.0120239
(2232)	18701:-0.0431519
(2233)	18702:-0.0234375
(2234)	18703:0.0483704
(2235)	18704:0.0473633
(2236)	18705:-0.00405884
(2237)	18706:-0.119629
(2238)	18707:-0.370605
(2239)	18708:-0.59613
(2240)	18709:-0.753448
(2241)	18710:-0.757935
(2242)	18711:-0.740234
(2243)	18712:-0.70047
(2244)	18801:-0.625031
(2245)	18802:-0.489441
(2246)	18803:-0.414429
(2247)	18804:-0.302368
(2248)	18805:-0.248505
(2249)	18806:-0.2164
(2250)	18807:-0.363861
(2251)	18808:-0.643127
(2252)	18809:-0.828094
(2253)	18810:-0.86731
(2254)	18811:-0.853546
(2255)	18812:-0.97464
(2256)	18901:-1.10324
(2257)	18902:-1.0257
(2258)	18903:-0.797272
(2259)	18904:-0.579773
(2260)	18905:-0.544037
(2261)	18906:-0.614349
(2262)	18907:-0.807159
(2263)	18908:-0.993073
(2264)	18909:-1.17075
(2265)	18910:-1.21899
(2266)	18911:-1.2038
(2267)	18912:-1.13635
(2268)	19001:-0.990906
(2269)	19002:-0.739807
(2270)	19003:-0.419098
(2271)	19004:-0.149994
(2272)	19005:0.11441
(2273)	19006:0.497986
(2274)	19007:1.12131
(2275)	19008:1.84027
(2276)	19009:2.3717
(2277)	19010:2.60669
(2278)	19011:2.65927
(2279)	19012:2.5928
(2280)	19101:2.32928
(2281)	19102:1.71478
(2282)	19103:0.948334
(2283)	19104:0.305359
(2284)	19105:-0.140411
(2285)	19106:-0.650574
(2286)	19107:-1.26862
(2287)	19108:-1.8262
(2288)	19109:-2.06674
(2289)	19110:-2.0528
(2290)	19111:-2.02649
(2291)	19112:-2.04922
(2292)	19201:-2.04642
(2293)	19202:-1.80994
(2294)	19203:-1.35706
(2295)	19204:-0.972839
(2296)	19205:-0.729218
(2297)	19206:-0.556122
(2298)	19207:-0.278931
(2299)	19208:0.0589294
(2300)	19209:0.297241
(2301)	19210:0.354401
(2302)	19211:0.321289
(2303)	19212:0.269226
(2304)	19301:0.204437
(2305)	19302:0.155548
(2306)	19303:0.0124207
(2307)	19304:0.0431824
(2308)	19305:0.11026
(2309)	19306:0.205261
(2310)	19307:0.0916138
(2311)	19308:0.0297546
(2312)	19309:0.0820923
(2313)	19310:0.237457
(2314)	19311:0.313202
(2315)	19312:0.396332
(2316)	19401:0.469025
(2317)	19402:0.599609
(2318)	19403:0.730469
(2319)	19404:0.841949
(2320)	19405:0.905243
(2321)	19406:1.12366
(2322)	19407:1.46957
(2323)	19408:1.89371
(2324)	19409:2.14938
(2325)	19410:2.3717
(2326)	19411:2.58701
(2327)	19412:2.77539
(2328)	19501:2.65945
(2329)	19502:2.36938
(2330)	19503:1.92661
(2331)	19504:1.47684
(2332)	19505:1.0679
(2333)	19506:0.753571
(2334)	19507:0.373688
(2335)	19508:0.0476074
(2336)	19509:-0.125946
(2337)	19510:0.0459595
(2338)	19511:0.234192
(2339)	19512:0.204346
(2340)	19601:0.0176086
(2341)	19602:-0.209137
(2342)	19603:-0.309082
(2343)	19604:-0.30188
(2344)	19605:-0.342407
(2345)	19606:-0.483673
(2346)	19607:-0.698578
(2347)	19608:-0.874786
(2348)	19609:-1.13644
(2349)	19610:-1.35281
(2350)	19611:-1.59769
(2351)	19612:-1.6604
(2352)	19701:-1.6131
(2353)	19702:-1.3736
(2354)	19703:-1.06479
(2355)	19704:-0.786194
(2356)	19705:-0.519806
(2357)	19706:-0.306885
(2358)	19707:-0.216766
(2359)	19708:-0.263397
(2360)	19709:-0.308929
(2361)	19710:-0.287598
(2362)	19711:-0.280518
(2363)	19712:-0.345703
(2364)	19801:-0.280273
(2365)	19802:-0.057251
(2366)	19803:0.289246
(2367)	19804:0.429016
(2368)	19805:0.59021
(2369)	19806:0.719269
(2370)	19807:0.863708
(2371)	19808:0.761841
(2372)	19809:0.545105
(2373)	19810:0.35437
(2374)	19811:0.249573
(2375)	19812:0.214447
(2376)	19901:0.262543
(2377)	19902:0.485687
(2378)	19903:0.685608
(2379)	19904:0.787933
(2380)	19905:0.83017
(2381)	19906:1.00888
(2382)	19907:1.26492
(2383)	19908:1.32492
(2384)	19909:1.28445
(2385)	19910:1.18304
(2386)	19911:1.16782
(2387)	19912:1.06711
(2388)	20001:0.935333
(2389)	20002:0.812592
(2390)	20003:0.724426
(2391)	20004:0.651093
(2392)	20005:0.639465
(2393)	20006:0.763
(2394)	20007:0.975128
(2395)	20008:1.08688
(2396)	20009:1.04877
(2397)	20010:0.934906
(2398)	20011:0.876892
(2399)	20012:0.840546
(2400)	20101:0.723145
(2401)	20102:0.581726
(2402)	20103:0.422485
(2403)	20104:0.299377
(2404)	20105:0.219604
(2405)	20106:0.0134277
(2406)	20107:-0.381622
(2407)	20108:-0.868469
(2408)	20109:-1.21329
(2409)	20110:-1.36084
(2410)	20111:-1.5173
(2411)	20112:-1.66705
(2412)	20201:-1.66721
(2413)	20202:-1.43463
(2414)	20203:-1.11832
(2415)	20204:-0.809235
(2416)	20205:-0.547974
(2417)	20206:-0.27179
(2418)	20207:-0.0403442
(2419)	20208:0.0745239
(2420)	20209:0.0668335
(2421)	20210:-0.0195312
(2422)	20211:-0.0840454
(2423)	20212:-0.0452576
(2424)	20301:0.0613708
(2425)	20302:0.239929
(2426)	20303:0.323334
(2427)	20304:0.352203
(2428)	20305:0.309479
(2429)	20306:0.221008
(2430)	20307:0.204834
(2431)	20308:0.22049
(2432)	20309:0.266663
(2433)	20310:0.305908
(2434)	20311:0.219849
(2435)	20312:0.14093
(2436)	20401:-0.0943298
(2437)	20402:-0.194885
(2438)	20403:-0.199615
(2439)	20404:-0.0722351
(2440)	20405:0.0892944
(2441)	20406:0.235077
(2442)	20407:0.440491
(2443)	20408:0.678955
(2444)	20409:0.93808
(2445)	20410:1.17422
(2446)	20411:1.36658
(2447)	20412:1.47775
(2448)	20501:1.41846
(2449)	20502:1.17068
(2450)	20503:0.954803
(2451)	20504:0.695465
(2452)	20505:0.445068
(2453)	20506:-0.148621
(2454)	20507:-0.799225
(2455)	20508:-1.31439
(2456)	20509:-1.54572
(2457)	20510:-1.63425
(2458)	20511:-1.76721
(2459)	20512:-1.82639
(2460)	20601:-1.82153
(2461)	20602:-1.65598
(2462)	20603:-1.46622
(2463)	20604:-1.23383
(2464)	20605:-1.07248
(2465)	20606:-0.980011
(2466)	20607:-0.986755
(2467)	20608:-1.13104
(2468)	20609:-1.47668
(2469)	20610:-1.8613
(2470)	20611:-2.11505
(2471)	20612:-2.07715
(2472)	20701:-1.86191
(2473)	20702:-1.509
(2474)	20703:-1.10278
(2475)	20704:-0.72229
(2476)	20705:-0.500122
(2477)	20706:-0.321259
(2478)	20707:-0.162781
(2479)	20708:0.00894165
(2480)	20709:0.0472717
(2481)	20710:0.0172119
(2482)	20711:-0.0405884
(2483)	20712:-0.0465393
(2484)	20801:-0.0199585
(2485)	20802:0.138428
(2486)	20803:0.248108
(2487)	20804:0.249084
(2488)	20805:0.108582
(2489)	20806:-0.0221863
(2490)	20807:-0.0956726
(2491)	20808:-0.023407
(2492)	20809:0.0215759
(2493)	20810:0.0953369
(2494)	20811:0.026947
(2495)	20812:0.00311279
(2496)	20901:0.0219116
(2497)	20902:0.102997
(2498)	20903:0.20871
(2499)	20904:0.250641
(2500)	20905:0.287598
(2501)	20906:0.367401
(2502)	20907:0.347839
(2503)	20908:0.324402
(2504)	20909:0.25351
(2505)	20910:0.286835
(2506)	20911:0.241028
(2507)	20912:0.201874
(2508)	21001:0.176575
(2509)	21002:0.2229
(2510)	21003:0.3255
(2511)	21004:0.401154
(2512)	21005:0.437927
(2513)	21006:0.44455
(2514)	21007:0.389862
(2515)	21008:0.415649
(2516)	21009:0.496826
(2517)	21010:0.65741
(2518)	21011:0.721466
(2519)	21012:0.608154
(2520)	21101:0.407013
(2521)	21102:0.302155
(2522)	21103:0.339233
(2523)	21104:0.520813
(2524)	21105:0.702057
(2525)	21106:0.987732
(2526)	21107:1.34802
(2527)	21108:1.745
(2528)	21109:2.009
(2529)	21110:2.20145
(2530)	21111:2.34897
(2531)	21112:2.41263
(2532)	21201:2.16171
(2533)	21202:1.64166
(2534)	21203:1.08423
(2535)	21204:0.714447
(2536)	21205:0.406097
(2537)	21206:0.0985718
(2538)	21207:-0.160339
(2539)	21208:-0.410889
(2540)	21209:-0.584259
(2541)	21210:-0.819885
(2542)	21211:-0.90686
(2543)	21212:-0.901733
(2544)	21301:-0.777832
(2545)	21302:-0.531891
(2546)	21303:-0.282257
(2547)	21304:-0.00747681
(2548)	21305:0.256622
(2549)	21306:0.478394
(2550)	21307:0.70105
(2551)	21308:0.873535
(2552)	21309:1.03488
(2553)	21310:1.14282
(2554)	21311:1.24994
(2555)	21312:1.35693
(2556)	21401:1.26096
(2557)	21402:0.986389
(2558)	21403:0.533295
(2559)	21404:0.239319
(2560)	21405:0.0252991
(2561)	21406:-0.030304
(2562)	21407:-0.125244
(2563)	21408:-0.124634
(2564)	21409:-0.00894165
(2565)	21410:0.264374
(2566)	21411:0.515991
(2567)	21412:0.664276
(2568)	21501:0.823181
(2569)	21502:1.01102
(2570)	21503:1.11264
(2571)	21504:1.02359
(2572)	21505:0.901672
(2573)	21506:0.902802
(2574)	21507:0.93158
(2575)	21508:1.01703
(2576)	21509:1.14954
(2577)	21510:1.37283
(2578)	21511:1.59808
(2579)	21512:1.76285
(2580)	21601:1.73453
(2581)	21602:1.52814
(2582)	21603:1.17798
(2583)	21604:0.901611
(2584)	21605:0.749084
(2585)	21606:0.797577
(2586)	21607:0.786835
(2587)	21608:0.582092
(2588)	21609:0.361542
(2589)	21610:0.330688
(2590)	21611:0.510101
(2591)	21612:0.547577
(2592)	21701:0.448029
(2593)	21702:0.2547
(2594)	21703:0.0464478
(2595)	21704:-0.0483704
(2596)	21705:-0.267944
(2597)	21706:-0.540741
(2598)	21707:-0.748901
(2599)	21708:-0.833435
(2600)	21709:-0.89035
(2601)	21710:-1.13739
(2602)	21711:-1.32651
(2603)	21712:-1.41861
(2604)	21801:-1.40204
(2605)	21802:-1.2077
(2606)	21803:-0.902466
(2607)	21804:-0.562622
(2608)	21805:-0.286865
(2609)	21806:-0.028717
(2610)	21807:0.218903
(2611)	21808:0.432861
(2612)	21809:0.621552
(2613)	21810:0.79776
(2614)	21811:0.969299
(2615)	21812:1.1272
(2616)	21901:1.17606
(2617)	21902:1.10782
(2618)	21903:0.914337
(2619)	21904:0.760925
(2620)	21905:0.61795
(2621)	21906:0.437073
(2622)	21907:0.145721
(2623)	21908:-0.0834656
(2624)	21909:-0.227112
(2625)	21910:-0.177582
(2626)	21911:-0.0876465
(2627)	21912:0.0817261
(2628)	22001:0.0554504
(2629)	22002:-0.00390625
(2630)	22003:0.0207214
(2631)	22004:0.264038
(2632)	22005:0.556793
(2633)	22006:0.75238
(2634)	22007:1.00223
(2635)	22008:1.26202
(2636)	22009:1.52966
(2637)	22010:1.73523
(2638)	22011:1.88443
(2639)	22012:1.93723
(2640)	22101:1.80759
(2641)	22102:1.54767
(2642)	22103:1.14102
(2643)	22104:0.667999
(2644)	22105:0.25531
(2645)	22106:-0.108734
(2646)	22107:-0.511322
(2647)	22108:-0.939819
(2648)	22109:-1.32129
(2649)	22110:-1.57312
(2650)	22111:-1.73544
(2651)	22112:-1.79584
(2652)	22201:-1.68701
(2653)	22202:-1.46164
(2654)	22203:-1.15118
(2655)	22204:-0.933685
(2656)	22205:-0.793427
(2657)	22206:-0.810638
(2658)	22207:-0.847626
(2659)	22208:-0.877686
(2660)	22209:-0.858582
(2661)	22210:-0.880035
(2662)	22211:-0.949066
(2663)	22212:-0.994385
(2664)	22301:-0.993225
(2665)	22302:-0.865082
(2666)	22303:-0.681671
(2667)	22304:-0.477234
(2668)	22305:-0.298492
(2669)	22306:-0.156189
(2670)	22307:-0.0436401
(2671)	22308:-0.0823059
(2672)	22309:-0.164642
(2673)	22310:-0.207733
(2674)	22311:-0.177368
(2675)	22312:-0.18219
(2676)	22401:-0.210815
(2677)	22402:-0.207977
(2678)	22403:-0.167603
(2679)	22404:-0.107513
(2680)	22405:-0.110931
(2681)	22406:-0.157318
(2682)	22407:-0.172241
(2683)	22408:-0.177551
(2684)	22409:-0.273254
(2685)	22410:-0.422852
(2686)	22411:-0.570984
(2687)	22412:-0.599823
(2688)	22501:-0.585358
(2689)	22502:-0.520905
(2690)	22503:-0.369843
(2691)	22504:-0.241272
(2692)	22505:-0.0606689
(2693)	22506:-0.0334778
(2694)	22507:-0.0700989
(2695)	22508:-0.234253
(2696)	22509:-0.417816
(2697)	22510:-0.527313
(2698)	22511:-0.568268
(2699)	22512:-0.49527
(2700)	22601:-0.39975
(2701)	22602:-0.228485
(2702)	22603:-0.0369568
(2703)	22604:0.145172
(2704)	22605:0.324066
(2705)	22606:0.592987
(2706)	22607:1.03967
(2707)	22608:1.58533
(2708)	22609:2.0242
(2709)	22610:2.25998
(2710)	22611:2.34137
(2711)	22612:2.51147
(2712)	22701:2.58356
(2713)	22702:2.4668
(2714)	22703:1.98706
(2715)	22704:1.35941
(2716)	22705:0.796051
(2717)	22706:0.392212
(2718)	22707:0.0466614
(2719)	22708:-0.241577
(2720)	22709:-0.42337
(2721)	22710:-0.388123
(2722)	22711:-0.323395
(2723)	22712:-0.23996
(2724)	22801:-0.166138
(2725)	22802:-0.0238953
(2726)	22803:0.0711975
(2727)	22804:0.0982056
(2728)	22805:0.163513
(2729)	22806:0.419769
(2730)	22807:0.897705
(2731)	22808:1.28369
(2732)	22809:1.49524
(2733)	22810:1.5209
(2734)	22811:1.57852
(2735)	22812:1.6355
(2736)	22901:1.61804
(2737)	22902:1.42972
(2738)	22903:1.17288
(2739)	22904:0.904938
(2740)	22905:0.67395
(2741)	22906:0.502625
(2742)	22907:0.416809
(2743)	22908:0.3909
(2744)	22909:0.401886
(2745)	22910:0.535095
(2746)	22911:0.773315
(2747)	22912:0.976074
(2748)	23001:1.00162
(2749)	23002:0.996429
(2750)	23003:1.01086
(2751)	23004:1.05878
(2752)	23005:1.16302
(2753)	23006:1.35873
(2754)	23007:1.66241
(2755)	23008:1.98447
(2756)	23009:2.23724
(2757)	23010:2.35651
(2758)	23011:2.42911
(2759)	23012:2.51559
(2760)	23101:2.52405
(2761)	23102:2.30096
(2762)	23103:1.88187
(2763)	23104:1.43604
(2764)	23105:0.960175
(2765)	23106:0.281006
(2766)	23107:-0.492188
(2767)	23108:-1.19611
(2768)	23109:-1.64038
(2769)	23110:-1.96054
(2770)	23111:-2.09921
(2771)	23112:-2.1322
(2772)	23201:-1.96881
(2773)	23202:-1.73032
(2774)	23203:-1.47711
(2775)	23204:-1.21497
(2776)	23205:-1.00418
(2777)	23206:-0.89624
(2778)	23207:-0.978851
(2779)	23208:-1.08014
(2780)	23209:-1.08926
(2781)	23210:-1.07913
(2782)	23211:-1.09366
(2783)	23212:-1.15439
(2784)	23301:-1.26736
(2785)	23302:-1.36096
(2786)	23303:-1.30933
(2787)	23304:-1.07666
(2788)	23305:-0.789734
(2789)	23306:-0.651642
(2790)	23307:-0.650238
(2791)	23308:-0.689972
(2792)	23309:-0.735168
(2793)	23310:-0.737488
(2794)	23311:-0.792999
(2795)	23312:-0.825806
(2796)	23401:-0.751404
(2797)	23402:-0.494659
(2798)	23403:-0.226746
(2799)	23404:-0.0309753
(2800)	23405:0.0461426
(2801)	23406:0.245209
(2802)	23407:0.367462
(2803)	23408:0.410431
(2804)	23409:0.399261
(2805)	23410:0.48288
(2806)	23411:0.606506
(2807)	23412:0.677521
(2808)	23501:0.704437
(2809)	23502:0.716003
(2810)	23503:0.71051
(2811)	23504:0.644104
(2812)	23505:0.574585
(2813)	23506:0.399811
(2814)	23507:0.195648
(2815)	23508:-0.0519714
(2816)	23509:-0.287933
(2817)	23510:-0.491486
(2818)	23511:-0.645477
(2819)	23512:-0.733246
(2820)	23601:-0.692017
(2821)	23602:-0.512634
(2822)	23603:-0.264465
(2823)	23604:-0.0434875
(2824)	23605:0.0663757
(2825)	23606:0.137756
(2826)	23607:0.139771
(2827)	23608:0.106415
(2828)	23609:0.0444946
(2829)	23610:-0.0221558
(2830)	23611:-0.0246277
(2831)	23612:-0.00180054
(2832)	23701:0.0781555
(2833)	23702:0.140778
(2834)	23703:0.249176
(2835)	23704:0.373047
(2836)	23705:0.500519
(2837)	23706:0.62796
(2838)	23707:0.743744
(2839)	23708:0.777924
(2840)	23709:0.678406
(2841)	23710:0.538361
(2842)	23711:0.457794
(2843)	23712:0.491974
(2844)	23801:0.425232
(2845)	23802:0.387848
(2846)	23803:0.331573
(2847)	23804:0.3815
(2848)	23805:0.401428
(2849)	23806:0.248596
(2850)	23807:-0.0155029
(2851)	23808:-0.23642
(2852)	23809:-0.23999
(2853)	23810:-0.0595398
(2854)	23811:0.0612793
(2855)	23812:0.102844
(2856)	23901:0.0771179
(2857)	23902:0.177338
(2858)	23903:0.274841
(2859)	23904:0.403687
(2860)	23905:0.517822
(2861)	23906:0.779938
(2862)	23907:1.1716
(2863)	23908:1.51389
(2864)	23909:1.76172
(2865)	23910:1.8942
(2866)	23911:2.03983
(2867)	23912:2.04141
(2868)	24001:1.85742
(2869)	24002:1.54803
(2870)	24003:1.24506
(2871)	24004:0.851196
(2872)	24005:0.258667
(2873)	24006:-0.392578
(2874)	24007:-0.822662
(2875)	24008:-1.01248
(2876)	24009:-1.13629
(2877)	24010:-1.33597
(2878)	24011:-1.52792
(2879)	24012:-1.63992
(2880)	24101:-1.59586
(2881)	24102:-1.40631
(2882)	24103:-1.10739
(2883)	24104:-0.878967
(2884)	24105:-0.579285
(2885)	24106:-0.228943
(2886)	24107:0.181549
(2887)	24108:0.440033
(2888)	24109:0.596985
(2889)	24110:0.73941
(2890)	24111:0.876648
(2891)	24112:0.94931
(2892)	24201:0.906494
(2893)	24202:0.841675
(2894)	24203:0.732025
(2895)	24204:0.617615
(2896)	24205:0.600983
(2897)	24206:0.736816
(2898)	24207:0.94458
(2899)	24208:1.11526
(2900)	24209:1.26324
(2901)	24210:1.39212
(2902)	24211:1.57098
(2903)	24212:1.70752
(2904)	24301:1.76633
(2905)	24302:1.56546
(2906)	24303:1.24945
(2907)	24304:0.906616
(2908)	24305:0.571869
(2909)	24306:0.0501099
(2910)	24307:-0.433319
(2911)	24308:-0.824188
(2912)	24309:-1.02054
(2913)	24310:-1.17316
(2914)	24311:-1.32092
(2915)	24312:-1.47214
(2916)	24401:-1.65286
(2917)	24402:-1.67422
(2918)	24403:-1.53369
(2919)	24404:-1.27335
(2920)	24405:-1.07605
(2921)	24406:-1.02194
(2922)	24407:-1.09076
(2923)	24408:-1.20337
(2924)	24409:-1.26096
(2925)	24410:-1.26367
(2926)	24411:-1.25272
(2927)	24412:-1.18579
(2928)	24501:-1.07278
(2929)	24502:-0.851166
(2930)	24503:-0.632355
(2931)	24504:-0.395294
(2932)	24505:-0.108917
(2933)	24506:0.269531
(2934)	24507:0.759949
(2935)	24508:1.18179
(2936)	24509:1.58282
(2937)	24510:1.89023
(2938)	24511:2.18912
(2939)	24512:2.29242
(2940)	24601:2.21255
(2941)	24602:1.97269
(2942)	24603:1.67105
(2943)	24604:1.42279
(2944)	24605:1.24246
(2945)	24606:1.20172
(2946)	24607:1.29056
(2947)	24608:1.45358
(2948)	24609:1.63803
(2949)	24610:1.72321
(2950)	24611:1.82187
(2951)	24612:1.88766
(2952)	24701:1.78622
(2953)	24702:1.4935
(2954)	24703:0.961884
(2955)	24704:0.530731
(2956)	24705:0.0499878
(2957)	24706:-0.351379
(2958)	24707:-0.937958
(2959)	24708:-1.51181
(2960)	24709:-1.944
(2961)	24710:-2.02078
(2962)	24711:-1.84061
(2963)	24712:-1.61072
(2964)	24801:-1.39334
(2965)	24802:-1.0871
(2966)	24803:-0.666443
(2967)	24804:-0.346802
(2968)	24805:-0.176971
(2969)	24806:-0.114929
(2970)	24807:0.00726318
(2971)	24808:0.0451355
(2972)	24809:0.0355225
(2973)	24810:-0.0602112
(2974)	24811:-0.09021
(2975)	24812:-0.138123
(2976)	24901:-0.185059
(2977)	24902:-0.181641
(2978)	24903:-0.0808411
(2979)	24904:0.0909424
(2980)	24905:0.334106
(2981)	24906:0.661255
(2982)	24907:1.21783
(2983)	24908:1.72385
(2984)	24909:2.1474
(2985)	24910:2.33902
(2986)	24911:2.55923
(2987)	24912:2.69864
(2988)	25001:2.66492
(2989)	25002:2.31918
(2990)	25003:1.78799
(2991)	25004:1.27188
(2992)	25005:0.626526
(2993)	25006:-0.202576
(2994)	25007:-1.01697
(2995)	25008:-1.40259
(2996)	25009:-1.38925
(2997)	25010:-1.30505
(2998)	25011:-1.29245
(2999)	25012:-1.38678
(3000)	25101:-1.32507
(3001)	25102:-1.14798
(3002)	25103:-0.814697
(3003)	25104:-0.525299
(3004)	25105:-0.290344
(3005)	25106:-0.129333
(3006)	25107:-0.0923157
(3007)	25108:-0.169861
(3008)	25109:-0.205414
(3009)	25110:-0.197937
(3010)	25111:-0.124115
(3011)	25112:-0.108551
(3012)	25201:-0.0601196
(3013)	25202:0.00692749
(3014)	25203:0.107941
(3015)	25204:0.208221
(3016)	25205:0.355621
(3017)	25206:0.555481
(3018)	25207:0.699615
(3019)	25208:0.721771
(3020)	25209:0.688324
(3021)	25210:0.669464
(3022)	25211:0.734833
(3023)	25212:0.787079
(3024)	25301:0.802368
(3025)	25302:0.701965
(3026)	25303:0.642914
(3027)	25304:0.641357
(3028)	25305:0.781647
(3029)	25306:0.960938
(3030)	25307:1.19788
(3031)	25308:1.34958
(3032)	25309:1.42438
(3033)	25310:1.42993
(3034)	25311:1.49655
(3035)	25312:1.56873
(3036)	25401:1.55219
(3037)	25402:1.50418
(3038)	25403:1.40598
(3039)	25404:1.36536
(3040)	25405:1.41281
(3041)	25406:1.69141
(3042)	25407:2.12625
(3043)	25408:2.46713
(3044)	25409:2.6713
(3045)	25410:2.77438
(3046)	25411:2.94955
(3047)	25412:3.00723
(3048)	25501:2.87225
(3049)	25502:2.56427
(3050)	25503:2.11835
(3051)	25504:1.64194
(3052)	25505:1.05344
(3053)	25506:0.367218
(3054)	25507:-0.480316
(3055)	25508:-1.13513
(3056)	25509:-1.44681
(3057)	25510:-1.49667
(3058)	25511:-1.62936
(3059)	25512:-1.8035
(3060)	25601:-1.81653
(3061)	25602:-1.68323
(3062)	25603:-1.47339
(3063)	25604:-1.30045
(3064)	25605:-1.20862
(3065)	25606:-1.26346
(3066)	25607:-1.35284
(3067)	25608:-1.35016
(3068)	25609:-1.38843
(3069)	25610:-1.53162
(3070)	25611:-1.71371
(3071)	25612:-1.75372
(3072)	25701:-1.62097
(3073)	25702:-1.28879
(3074)	25703:-0.959564
(3075)	25704:-0.666016
(3076)	25705:-0.472656
(3077)	25706:-0.240417
(3078)	25707:-0.0702209
(3079)	25708:0.0626831
(3080)	25709:0.178925
(3081)	25710:0.309967
(3082)	25711:0.344482
(3083)	25712:0.294739
(3084)	25801:0.218384
(3085)	25802:0.304535
(3086)	25803:0.505554
(3087)	25804:0.724396
(3088)	25805:0.931915
(3089)	25806:1.17599
(3090)	25807:1.50742
(3091)	25808:1.75333
(3092)	25809:1.96997
(3093)	25810:2.16125
(3094)	25811:2.37076
(3095)	25812:2.51401
(3096)	25901:2.49249
(3097)	25902:2.24371
(3098)	25903:1.68759
(3099)	25904:1.08737
(3100)	25905:0.476807
(3101)	25906:-0.179596
(3102)	25907:-0.875671
(3103)	25908:-1.50455
(3104)	25909:-1.7843
(3105)	25910:-1.88
(3106)	25911:-1.91943
(3107)	25912:-1.89496
(3108)	26001:-1.79321
(3109)	26002:-1.52966
(3110)	26003:-1.24225
(3111)	26004:-1.00253
(3112)	26005:-0.769989
(3113)	26006:-0.612213
(3114)	26007:-0.486206
(3115)	26008:-0.495148
(3116)	26009:-0.643921
(3117)	26010:-0.881256
(3118)	26011:-1.10361
(3119)	26012:-1.17029
(3120)	26101:-1.06638
(3121)	26102:-0.78537
(3122)	26103:-0.498871
(3123)	26104:-0.320831
(3124)	26105:-0.114746
(3125)	26106:0.210236
(3126)	26107:0.70813
(3127)	26108:1.07596
(3128)	26109:1.26508
(3129)	26110:1.29681
(3130)	26111:1.34512
(3131)	26112:1.36581
(3132)	26201:1.22302
(3133)	26202:0.933807
(3134)	26203:0.559082
(3135)	26204:0.311859
(3136)	26205:0.165344
(3137)	26206:0.0126953
(3138)	26207:-0.149506
(3139)	26208:-0.265411
(3140)	26209:-0.34137
(3141)	26210:-0.42923
(3142)	26211:-0.579529
(3143)	26212:-0.659943
(3144)	26301:-0.605957
(3145)	26302:-0.440277
(3146)	26303:-0.278259
(3147)	26304:-0.148315
(3148)	26305:-0.00915527
(3149)	26306:0.163086
(3150)	26307:0.361725
(3151)	26308:0.596069
(3152)	26309:0.764038
(3153)	26310:0.819305
(3154)	26311:0.722107
(3155)	26312:0.582489
(3156)	26401:0.537994
(3157)	26402:0.485779
(3158)	26403:0.546844
(3159)	26404:0.528381
(3160)	26405:0.539551
(3161)	26406:0.466888
(3162)	26407:0.358337
(3163)	26408:0.254639
(3164)	26409:0.109344
(3165)	26410:0.0772705
(3166)	26411:0.0237427
(3167)	26412:-0.045166
(3168)	26501:-0.161591
(3169)	26502:-0.267639
(3170)	26503:-0.268951
(3171)	26504:-0.244751
(3172)	26505:-0.141113
(3173)	26506:0.0272217
(3174)	26507:0.200745
(3175)	26508:0.381165
(3176)	26509:0.541626
(3177)	26510:0.560242
(3178)	26511:0.493835
(3179)	26512:0.362091
(3180)	26601:0.280975
(3181)	26602:0.307007
(3182)	26603:0.324127
(3183)	26604:0.44278
(3184)	26605:0.564362
(3185)	26606:0.776733
(3186)	26607:0.863525
(3187)	26608:0.985779
(3188)	26609:1.25327
(3189)	26610:1.70248
(3190)	26611:2.15372
(3191)	26612:2.44464
(3192)	26701:2.5481
(3193)	26702:2.479
(3194)	26703:2.19806
(3195)	26704:1.68893
(3196)	26705:1.1011
(3197)	26706:0.47644
(3198)	26707:-0.0349426
(3199)	26708:-0.412689
(3200)	26709:-0.484375
(3201)	26710:-0.376434
(3202)	26711:-0.292358
(3203)	26712:-0.404968
(3204)	26801:-0.585938
(3205)	26802:-0.803284
(3206)	26803:-0.897766
(3207)	26804:-0.910034
(3208)	26805:-0.934082
(3209)	26806:-1.04709
(3210)	26807:-1.16827
(3211)	26808:-1.25656
(3212)	26809:-1.42365
(3213)	26810:-1.59949
(3214)	26811:-1.71252
(3215)	26812:-1.68903
(3216)	26901:-1.63916
(3217)	26902:-1.52448
(3218)	26903:-1.31396
(3219)	26904:-1.0556
(3220)	26905:-0.775085
(3221)	26906:-0.549011
(3222)	26907:-0.388763
(3223)	26908:-0.362793
(3224)	26909:-0.445282
(3225)	26910:-0.552887
(3226)	26911:-0.522491
(3227)	26912:-0.363434
(3228)	27001:-0.191498
(3229)	27002:-0.00497437
(3230)	27003:0.143677
(3231)	27004:0.308136
(3232)	27005:0.467743
(3233)	27006:0.830719
(3234)	27007:1.42111
(3235)	27008:1.98749
(3236)	27009:2.3085
(3237)	27010:2.42905
(3238)	27011:2.51334
(3239)	27012:2.60544
(3240)	27101:2.55035
(3241)	27102:2.22845
(3242)	27103:1.72559
(3243)	27104:1.1283
(3244)	27105:0.637024
(3245)	27106:0.132812
(3246)	27107:-0.351624
(3247)	27108:-0.781433
(3248)	27109:-1.13626
(3249)	27110:-1.31509
(3250)	27111:-1.39807
(3251)	27112:-1.30322
(3252)	27201:-1.16971
(3253)	27202:-0.970825
(3254)	27203:-0.666473
(3255)	27204:-0.388397
(3256)	27205:-0.129913
(3257)	27206:0.055542
(3258)	27207:0.31369
(3259)	27208:0.596863
(3260)	27209:0.745026
(3261)	27210:0.760834
(3262)	27211:0.713379
(3263)	27212:0.741302
(3264)	27301:0.812012
(3265)	27302:0.819916
(3266)	27303:0.793945
(3267)	27304:0.74408
(3268)	27305:0.814789
(3269)	27306:1.03995
(3270)	27307:1.40363
(3271)	27308:1.67688
(3272)	27309:1.95245
(3273)	27310:2.13733
(3274)	27311:2.38226
(3275)	27312:2.43082
(3276)	27401:2.32608
(3277)	27402:2.07104
(3278)	27403:1.78134
(3279)	27404:1.48846
(3280)	27405:1.34857
(3281)	27406:1.44571
(3282)	27407:1.6178
(3283)	27408:1.7106
(3284)	27409:1.66281
(3285)	27410:1.77484
(3286)	27411:1.96887
(3287)	27412:2.14737
(3288)	27501:2.14227
(3289)	27502:1.95554
(3290)	27503:1.65613
(3291)	27504:1.34415
(3292)	27505:1.23669
(3293)	27506:1.27197
(3294)	27507:1.28897
(3295)	27508:1.11377
(3296)	27509:0.867798
(3297)	27510:0.702911
(3298)	27511:0.602295
(3299)	27512:0.377411
(3300)	27601:0.125183
(3301)	27602:-0.0222168
(3302)	27603:0.0411682
(3303)	27604:0.215973
(3304)	27605:0.384949
(3305)	27606:0.481384
(3306)	27607:0.504883
(3307)	27608:0.473877
(3308)	27609:0.547089
(3309)	27610:0.650421
(3310)	27611:0.744324
(3311)	27612:0.684113
(3312)	27701:0.56369
(3313)	27702:0.460785
(3314)	27703:0.338074
(3315)	27704:0.156586
(3316)	27705:-0.0660706
(3317)	27706:-0.282257
(3318)	27707:-0.463928
(3319)	27708:-0.68158
(3320)	27709:-0.74234
(3321)	27710:-0.786224
(3322)	27711:-0.72229
(3323)	27712:-0.705231
(3324)	27801:-0.610596
(3325)	27802:-0.425446
(3326)	27803:-0.165253
(3327)	27804:0.0933228
(3328)	27805:0.366547
(3329)	27806:0.651764
(3330)	27807:0.912811
(3331)	27808:1.01047
(3332)	27809:1.09521
(3333)	27810:1.16098
(3334)	27811:1.33902
(3335)	27812:1.40485
(3336)	27901:1.414
(3337)	27902:1.27841
(3338)	27903:1.17184
(3339)	27904:0.964722
(3340)	27905:0.768585
(3341)	27906:0.521576
(3342)	27907:0.262878
(3343)	27908:0.119843
(3344)	27909:0.0098877
(3345)	27910:0.05896
(3346)	27911:0.0827026
(3347)	27912:0.120911
(3348)	28001:0.146729
(3349)	28002:0.192474
(3350)	28003:0.200989
(3351)	28004:0.268402
(3352)	28005:0.384399
(3353)	28006:0.606171
(3354)	28007:0.777771
(3355)	28008:0.880951
(3356)	28009:0.957123
(3357)	28010:1.06573
(3358)	28011:1.23526
(3359)	28012:1.42929
(3360)	28101:1.59909
(3361)	28102:1.60794
(3362)	28103:1.46051
(3363)	28104:1.20773
(3364)	28105:1.1221
(3365)	28106:1.12936
(3366)	28107:1.10452
(3367)	28108:1.02286
(3368)	28109:0.968689
(3369)	28110:1.00955
(3370)	28111:1.01492
(3371)	28112:0.873199
(3372)	28201:0.621033
(3373)	28202:0.39447
(3374)	28203:0.30426
(3375)	28204:0.305542
(3376)	28205:0.0837708
(3377)	28206:-0.191589
(3378)	28207:-0.51123
(3379)	28208:-0.613434
(3380)	28209:-0.617859
(3381)	28210:-0.504272
(3382)	28211:-0.433685
(3383)	28212:-0.432648
(3384)	28301:-0.388428
(3385)	28302:-0.227051
(3386)	28303:-0.0493774
(3387)	28304:0.0617065
(3388)	28305:0.149628
(3389)	28306:0.225708
(3390)	28307:0.329071
(3391)	28308:0.487061
(3392)	28309:0.664856
(3393)	28310:0.835144
(3394)	28311:0.989105
(3395)	28312:1.12268
(3396)	28401:1.15768
(3397)	28402:1.11118
(3398)	28403:0.922974
(3399)	28404:0.766876
(3400)	28405:0.679016
(3401)	28406:0.685822
(3402)	28407:0.615753
(3403)	28408:0.428711
(3404)	28409:0.301788
(3405)	28410:0.313507
(3406)	28411:0.38324
(3407)	28412:0.372742
(3408)	28501:0.312378
(3409)	28502:0.317078
(3410)	28503:0.336975
(3411)	28504:0.340057
(3412)	28505:0.254883
(3413)	28506:0.0227966
(3414)	28507:-0.133423
(3415)	28508:-0.294128
(3416)	28509:-0.189209
(3417)	28510:-0.14743
(3418)	28511:-0.0280762
(3419)	28512:-0.0313416
(3420)	28601:0.00418091
(3421)	28602:0.0429993
(3422)	28603:0.164001
(3423)	28604:0.272583
(3424)	28605:0.359436
(3425)	28606:0.493683
(3426)	28607:0.606201
(3427)	28608:0.636505
(3428)	28609:0.60614
(3429)	28610:0.613831
(3430)	28611:0.75412
(3431)	28612:0.866455
(3432)	28701:0.958496
(3433)	28702:1.0192
(3434)	28703:0.980377
(3435)	28704:0.813934
(3436)	28705:0.673737
(3437)	28706:0.667084
(3438)	28707:0.72998
(3439)	28708:0.71875
(3440)	28709:0.738922
(3441)	28710:0.849945
(3442)	28711:0.96228
(3443)	28712:0.858856
(3444)	28801:0.639313
(3445)	28802:0.466217
(3446)	28803:0.395447
(3447)	28804:0.410339
(3448)	28805:0.457458
(3449)	28806:0.435791
(3450)	28807:0.322357
(3451)	28808:0.13855
(3452)	28809:0.0715027
(3453)	28810:0.0538025
(3454)	28811:0.0654297
(3455)	28812:0.0587158
(3456)	28901:0.0701904
(3457)	28902:0.172791
(3458)	28903:0.285736
(3459)	28904:0.475525
(3460)	28905:0.663605
(3461)	28906:1.05258
(3462)	28907:1.58228
(3463)	28908:2.21268
(3464)	28909:2.69379
(3465)	28910:2.98294
(3466)	28911:3.12607
(3467)	28912:3.1864
(3468)	29001:3.06406
(3469)	29002:2.72824
(3470)	29003:2.14508
(3471)	29004:1.56812
(3472)	29005:1.08521
(3473)	29006:0.595703
(3474)	29007:0.0807495
(3475)	29008:-0.394257
(3476)	29009:-0.721985
(3477)	29010:-0.823029
(3478)	29011:-0.96933
(3479)	29012:-0.978485
(3480)	29101:-1.04657
(3481)	29102:-1.0462
(3482)	29103:-1.07465
(3483)	29104:-1.07605
(3484)	29105:-1.08963
(3485)	29106:-1.04156
(3486)	29107:-1.03473
(3487)	29108:-1.06012
(3488)	29109:-1.12207
(3489)	29110:-1.16403
(3490)	29111:-1.18329
(3491)	29112:-1.18903
(3492)	29201:-1.10559
(3493)	29202:-0.848297
(3494)	29203:-0.453796
(3495)	29204:-0.108551
(3496)	29205:0.188751
(3497)	29206:0.452759
(3498)	29207:0.835541
(3499)	29208:1.14658
(3500)	29209:1.33057
(3501)	29210:1.40778
(3502)	29211:1.50571
(3503)	29212:1.62238
(3504)	29301:1.62997
(3505)	29302:1.45953
(3506)	29303:1.15729
(3507)	29304:0.899597
(3508)	29305:0.670898
(3509)	29306:0.27179
(3510)	29307:-0.325317
(3511)	29308:-0.782867
(3512)	29309:-0.875885
(3513)	29310:-0.769409
(3514)	29311:-0.692352
(3515)	29312:-0.69751
(3516)	29401:-0.670319
(3517)	29402:-0.634979
(3518)	29403:-0.602142
(3519)	29404:-0.54068
(3520)	29405:-0.46994
(3521)	29406:-0.378571
(3522)	29407:-0.381897
(3523)	29408:-0.458954
(3524)	29409:-0.575287
(3525)	29410:-0.693054
(3526)	29411:-0.747528
(3527)	29412:-0.794922
(3528)	29501:-0.806549
(3529)	29502:-0.763519
(3530)	29503:-0.641144
(3531)	29504:-0.404999
(3532)	29505:-0.120117
(3533)	29506:0.193695
(3534)	29507:0.349426
(3535)	29508:0.440002
(3536)	29509:0.503387
(3537)	29510:0.665771
(3538)	29511:0.795166
(3539)	29512:0.871765
(3540)	29601:0.945557
(3541)	29602:1.0433
(3542)	29603:1.13065
(3543)	29604:1.11755
(3544)	29605:1.10083
(3545)	29606:1.1438
(3546)	29607:1.20908
(3547)	29608:1.26187
(3548)	29609:1.26218
(3549)	29610:1.31509
(3550)	29611:1.47522
(3551)	29612:1.66827
(3552)	29701:1.81793
(3553)	29702:1.72903
(3554)	29703:1.36597
(3555)	29704:0.960846
(3556)	29705:0.726654
(3557)	29706:0.669891
(3558)	29707:0.686554
(3559)	29708:0.612335
(3560)	29709:0.553192
(3561)	29710:0.483521
(3562)	29711:0.446075
(3563)	29712:0.349274
(3564)	29801:0.24231
(3565)	29802:0.0675049
(3566)	29803:-0.0664978
(3567)	29804:-0.148224
(3568)	29805:-0.191101
(3569)	29806:-0.171936
(3570)	29807:-0.226837
(3571)	29808:-0.241241
(3572)	29809:-0.294312
(3573)	29810:-0.299225
(3574)	29811:-0.241028
(3575)	29812:-0.165436
(3576)	29901:-0.054657
(3577)	29902:0.0368958
(3578)	29903:0.184479
(3579)	29904:0.306702
(3580)	29905:0.42807
(3581)	29906:0.544098
(3582)	29907:0.724976
(3583)	29908:0.95575
(3584)	29909:1.22223
(3585)	29910:1.42789
(3586)	29911:1.60986
(3587)	29912:1.62595
(3588)	30001:1.42157
(3589)	30002:1.18112
(3590)	30003:0.979034
(3591)	30004:0.916199
(3592)	30005:0.848907
(3593)	30006:0.783997
(3594)	30007:0.789978
(3595)	30008:0.790924
(3596)	30009:0.82019
(3597)	30010:0.863953
(3598)	30011:0.938324
(3599)	30012:9.96921e+36
(0)	gsn_csm_xy: Fatal: X and Y must have the same dimensions sizes, or one must be one-dimensional and both have the same rightmost dimension.
