 Copyright (C) 1995-2014 - All Rights Reserved
 University Corporation for Atmospheric Research
 NCAR Command Language Version 6.2.0
 The use of this software is governed by a License Agreement.
 See http://www.ncl.ucar.edu/ for more details.

Variable: ctrl_var_season
Type: float
Total Size: 41472000 bytes
            10368000 values
Number of Dimensions: 4
Dimensions and sizes:	[time | 25] x [lev | 30] x [lat | 96] x [lon | 144]
Coordinates: 
            time: [2037..10797]
            lev: [3.64346569404006..992.556095123291]
            lat: [ -90..  90]
            lon: [   0..357.5]
Number Of Attributes: 5
  cell_methods :	time: mean
  long_name :	JJA: Air heating rate
  units :	K/kg/s
  mdims :	1
  NMO :	6


Variable: diff_avg_area
Type: float
Total Size: 120 bytes
            30 values
Number of Dimensions: 1
Dimensions and sizes:	[30]
Coordinates: 
Number Of Attributes: 1
  _FillValue :	9.96921e+36
(0)	 0
(1)	 0
(2)	 0
(3)	 0
(4)	 0
(5)	 0
(6)	 0
(7)	 0
(8)	6.802308e-08
(9)	7.644271e-06
(10)	8.769162e-05
(11)	0.0004306071
(12)	0.0008849999
(13)	0.001017189
(14)	0.001367235
(15)	0.00184934
(16)	0.002315029
(17)	0.002920015
(18)	0.00492913
(19)	0.005789338
(20)	0.004067217
(21)	0.003235465
(22)	0.002585582
(23)	0.002497489
(24)	0.001972293
(25)	0.001778682
(26)	0.001325572
(27)	0.0008132636
(28)	0.0005023244
(29)	-0.006090254
