 Copyright (C) 1995-2014 - All Rights Reserved
 University Corporation for Atmospheric Research
 NCAR Command Language Version 6.2.0
 The use of this software is governed by a License Agreement.
 See http://www.ncl.ucar.edu/ for more details.

Variable: ctrl_var_season
Type: float
Total Size: 41472000 bytes
            10368000 values
Number of Dimensions: 4
Dimensions and sizes:	[time | 25] x [lev | 30] x [lat | 96] x [lon | 144]
Coordinates: 
            time: [2037..10797]
            lev: [3.64346569404006..992.556095123291]
            lat: [ -90..  90]
            lon: [   0..357.5]
Number Of Attributes: 5
  cell_methods :	time: mean
  long_name :	JJA: Air heating rate
  units :	K/kg/s
  mdims :	1
  NMO :	6

Variable: avg_ctrl_area
Type: float
Total Size: 120 bytes
            30 values
Number of Dimensions: 1
Dimensions and sizes:	[lev | 30]
Coordinates: 
            lev: [3.64346569404006..992.556095123291]
Number Of Attributes: 8
  _FillValue :	9.96921e+36
  average_op_ncl :	dim_avg_n over dimension(s): time
  cell_methods :	time: mean
  long_name :	JJA: Air heating rate
  units :	K/kg/s
  mdims :	1
  NMO :	6
  wgt_areaave_op_ncl :	Area Average
